<?xml version="1.0" encoding="UTF-8"?>
<testsuite xmlns:xsi="http://www.w3.org/2001/XMLSchema-instance" xsi:noNamespaceSchemaLocation="https://maven.apache.org/surefire/maven-surefire-plugin/xsd/surefire-test-report.xsd" version="3.0.2" name="com.springboot.learn_spring_boot.LearnSpringBootApplicationTests" time="3.335" tests="1" errors="0" skipped="0" failures="0">
  <properties>
[...]
</properties>
  <testcase name="contextLoads" classname="com.springboot.learn_spring_boot.LearnSpringBootApplicationTests" time="0.898">
    <system-out><![CDATA[17:26:22.333 [main] INFO org.springframework.test.context.support.AnnotationConfigContextLoaderUtils -- Could not detect default configuration classes for test class [com.springboot.learn_spring_boot.LearnSpringBootApplicationTests]: LearnSpringBootApplicationTests does not declare any static, non-private, non-final, nested classes annotated with @Configuration.
17:26:22.458 [main] INFO org.springframework.boot.test.context.SpringBootTestContextBootstrapper -- Found @SpringBootConfiguration com.springboot.learn_spring_boot.LearnSpringBootApplication for test class com.springboot.learn_spring_boot.LearnSpringBootApplicationTests
17:26:22.641 [main] INFO org.springframework.boot.devtools.restart.RestartApplicationListener -- Restart disabled due to context in which it is running
2024-11-07T17:26:22.855+05:30 TRACE 12028 --- [learn-spring-boot] [           main] o.s.c.io.support.SpringFactoriesLoader   : Loaded [org.springframework.boot.ApplicationContextFactory] names: [org.springframework.boot.web.reactive.context.ReactiveWebServerApplicationContextFactory, org.springframework.boot.web.servlet.context.ServletWebServerApplicationContextFactory]

  .   ____          _            __ _ _
 /\\ / ___'_ __ _ _(_)_ __  __ _ \ \ \ \
( ( )\___ | '_ | '_| | '_ \/ _` | \ \ \ \
 \\/  ___)| |_)| | | | | || (_| |  ) ) ) )
  '  |____| .__|_| |_|_| |_\__, | / / / /
 =========|_|==============|___/=/_/_/_/

 :: Spring Boot ::            (v3.4.0-RC1)

2024-11-07T17:26:22.905+05:30 TRACE 12028 --- [learn-spring-boot] [           main] o.s.b.f.s.DefaultListableBeanFactory     : Registering scope 'restart' with implementation [org.springframework.boot.devtools.restart.RestartScopeInitializer$RestartScope@6e0d4a8]
2024-11-07T17:26:22.907+05:30 TRACE 12028 --- [learn-spring-boot] [           main] o.s.c.io.support.SpringFactoriesLoader   : Loaded [org.springframework.core.io.ProtocolResolver] names: [org.springframework.boot.io.Base64ProtocolResolver]
2024-11-07T17:26:22.911+05:30 TRACE 12028 --- [learn-spring-boot] [           main] o.s.b.f.s.DefaultListableBeanFactory     : Returning cached instance of singleton bean 'autoConfigurationReport'
2024-11-07T17:26:22.917+05:30  INFO 12028 --- [learn-spring-boot] [           main] c.s.l.LearnSpringBootApplicationTests    : Starting LearnSpringBootApplicationTests using Java 17.0.11 with PID 12028 (started by VTARUSI in C:\Users\VTARUSI\OneDrive - Pearson PLC\Documents\Spring\learn-spring-boot)
2024-11-07T17:26:22.919+05:30  INFO 12028 --- [learn-spring-boot] [           main] c.s.l.LearnSpringBootApplicationTests    : The following 1 profile is active: "prod"
2024-11-07T17:26:22.920+05:30 DEBUG 12028 --- [learn-spring-boot] [           main] o.s.boot.SpringApplication               : Loading source class com.springboot.learn_spring_boot.LearnSpringBootApplication
2024-11-07T17:26:22.947+05:30 TRACE 12028 --- [learn-spring-boot] [           main] o.s.c.a.ClassPathBeanDefinitionScanner   : JSR-250 'jakarta.annotation.ManagedBean' found and supported for component scanning
2024-11-07T17:26:22.961+05:30 TRACE 12028 --- [learn-spring-boot] [           main] uePropertySourceEnvironmentPostProcessor : RandomValuePropertySource add to Environment
2024-11-07T17:26:22.962+05:30 TRACE 12028 --- [learn-spring-boot] [           main] b.c.c.ConfigDataEnvironmentPostProcessor : Post-processing environment to add config data
2024-11-07T17:26:22.962+05:30 TRACE 12028 --- [learn-spring-boot] [           main] o.s.b.c.config.ConfigDataEnvironment     : Building config data environment contributors
2024-11-07T17:26:22.962+05:30 TRACE 12028 --- [learn-spring-boot] [           main] o.s.b.c.config.ConfigDataEnvironment     : Creating wrapped config data contributor for 'Inlined Test Properties'
2024-11-07T17:26:22.962+05:30 TRACE 12028 --- [learn-spring-boot] [           main] o.s.b.c.config.ConfigDataEnvironment     : Creating wrapped config data contributor for 'configurationProperties'
2024-11-07T17:26:22.962+05:30 TRACE 12028 --- [learn-spring-boot] [           main] o.s.b.c.config.ConfigDataEnvironment     : Creating wrapped config data contributor for 'servletConfigInitParams'
2024-11-07T17:26:22.962+05:30 TRACE 12028 --- [learn-spring-boot] [           main] o.s.b.c.config.ConfigDataEnvironment     : Creating wrapped config data contributor for 'servletContextInitParams'
2024-11-07T17:26:22.963+05:30 TRACE 12028 --- [learn-spring-boot] [           main] o.s.b.c.config.ConfigDataEnvironment     : Creating wrapped config data contributor for 'systemProperties'
2024-11-07T17:26:22.963+05:30 TRACE 12028 --- [learn-spring-boot] [           main] o.s.b.c.config.ConfigDataEnvironment     : Creating wrapped config data contributor for 'systemEnvironment'
2024-11-07T17:26:22.963+05:30 TRACE 12028 --- [learn-spring-boot] [           main] o.s.b.c.config.ConfigDataEnvironment     : Creating wrapped config data contributor for 'random'
2024-11-07T17:26:22.963+05:30 TRACE 12028 --- [learn-spring-boot] [           main] o.s.b.c.config.ConfigDataEnvironment     : Creating wrapped config data contributor for 'applicationInfo'
2024-11-07T17:26:22.963+05:30 TRACE 12028 --- [learn-spring-boot] [           main] o.s.b.c.config.ConfigDataEnvironment     : Adding initial config data import from location 'optional:file:./;optional:file:./config/;optional:file:./config/*/'
2024-11-07T17:26:22.963+05:30 TRACE 12028 --- [learn-spring-boot] [           main] o.s.b.c.config.ConfigDataEnvironment     : Adding initial config data import from location 'optional:classpath:/;optional:classpath:/config/'
2024-11-07T17:26:22.963+05:30 TRACE 12028 --- [learn-spring-boot] [           main] o.s.b.c.config.ConfigDataEnvironment     : Processing initial config data environment contributors without activation context
2024-11-07T17:26:22.963+05:30 TRACE 12028 --- [learn-spring-boot] [           main] .b.c.c.ConfigDataEnvironmentContributors : Processing imports for phase BEFORE_PROFILE_ACTIVATION. no activation context
2024-11-07T17:26:22.964+05:30 TRACE 12028 --- [learn-spring-boot] [           main] .b.c.c.ConfigDataEnvironmentContributors : Processing imports [optional:file:./;optional:file:./config/;optional:file:./config/*/]
2024-11-07T17:26:22.964+05:30 TRACE 12028 --- [learn-spring-boot] [           main] b.c.c.StandardConfigDataLocationResolver : Skipping missing resource file:./application.yaml
2024-11-07T17:26:22.964+05:30 TRACE 12028 --- [learn-spring-boot] [           main] b.c.c.StandardConfigDataLocationResolver : Skipping missing resource file:./application.yml
2024-11-07T17:26:22.964+05:30 TRACE 12028 --- [learn-spring-boot] [           main] b.c.c.StandardConfigDataLocationResolver : Skipping missing resource file:./application.xml
2024-11-07T17:26:22.964+05:30 TRACE 12028 --- [learn-spring-boot] [           main] b.c.c.StandardConfigDataLocationResolver : Skipping missing resource file:./application.properties
2024-11-07T17:26:22.965+05:30 TRACE 12028 --- [learn-spring-boot] [           main] b.c.c.StandardConfigDataLocationResolver : Skipping missing resource file:./config/application.yaml
2024-11-07T17:26:22.965+05:30 TRACE 12028 --- [learn-spring-boot] [           main] b.c.c.StandardConfigDataLocationResolver : Skipping missing resource file:./config/application.yml
2024-11-07T17:26:22.965+05:30 TRACE 12028 --- [learn-spring-boot] [           main] b.c.c.StandardConfigDataLocationResolver : Skipping missing resource file:./config/application.xml
2024-11-07T17:26:22.965+05:30 TRACE 12028 --- [learn-spring-boot] [           main] b.c.c.StandardConfigDataLocationResolver : Skipping missing resource file:./config/application.properties
2024-11-07T17:26:22.965+05:30 TRACE 12028 --- [learn-spring-boot] [           main] o.s.b.context.config.ConfigDataImporter  : Considering resource file [.] from location optional:file:./;optional:file:./config/;optional:file:./config/*/
2024-11-07T17:26:22.965+05:30 TRACE 12028 --- [learn-spring-boot] [           main] o.s.b.context.config.ConfigDataLoaders   : Loading file [.] using loader org.springframework.boot.context.config.StandardConfigDataLoader
2024-11-07T17:26:22.965+05:30 TRACE 12028 --- [learn-spring-boot] [           main] o.s.b.context.config.ConfigDataImporter  : Loaded resource file [.] from location optional:file:./;optional:file:./config/;optional:file:./config/*/
2024-11-07T17:26:22.969+05:30 TRACE 12028 --- [learn-spring-boot] [           main] .b.c.c.ConfigDataEnvironmentContributors : Imported 1 resource [file [.]]
2024-11-07T17:26:22.970+05:30 TRACE 12028 --- [learn-spring-boot] [           main] .b.c.c.ConfigDataEnvironmentContributors : Processing imports [optional:classpath:/;optional:classpath:/config/]
2024-11-07T17:26:22.970+05:30 TRACE 12028 --- [learn-spring-boot] [           main] b.c.c.StandardConfigDataLocationResolver : Skipping missing resource classpath:/application.yaml
2024-11-07T17:26:22.970+05:30 TRACE 12028 --- [learn-spring-boot] [           main] b.c.c.StandardConfigDataLocationResolver : Skipping missing resource classpath:/application.yml
2024-11-07T17:26:22.970+05:30 TRACE 12028 --- [learn-spring-boot] [           main] b.c.c.StandardConfigDataLocationResolver : Skipping missing resource classpath:/application.xml
2024-11-07T17:26:22.970+05:30 TRACE 12028 --- [learn-spring-boot] [           main] b.c.c.StandardConfigDataLocationResolver : Skipping missing resource classpath:/config/application.yaml
2024-11-07T17:26:22.970+05:30 TRACE 12028 --- [learn-spring-boot] [           main] b.c.c.StandardConfigDataLocationResolver : Skipping missing resource classpath:/config/application.yml
2024-11-07T17:26:22.970+05:30 TRACE 12028 --- [learn-spring-boot] [           main] b.c.c.StandardConfigDataLocationResolver : Skipping missing resource classpath:/config/application.xml
2024-11-07T17:26:22.970+05:30 TRACE 12028 --- [learn-spring-boot] [           main] b.c.c.StandardConfigDataLocationResolver : Skipping missing resource classpath:/config/application.properties
2024-11-07T17:26:22.971+05:30 TRACE 12028 --- [learn-spring-boot] [           main] o.s.b.context.config.ConfigDataImporter  : Considering resource class path resource [application.properties] from location optional:classpath:/;optional:classpath:/config/
2024-11-07T17:26:22.971+05:30 TRACE 12028 --- [learn-spring-boot] [           main] o.s.b.context.config.ConfigDataLoaders   : Loading class path resource [application.properties] using loader org.springframework.boot.context.config.StandardConfigDataLoader
2024-11-07T17:26:22.971+05:30 TRACE 12028 --- [learn-spring-boot] [           main] o.s.b.context.config.ConfigDataImporter  : Loaded resource class path resource [application.properties] from location optional:classpath:/;optional:classpath:/config/
2024-11-07T17:26:22.971+05:30 TRACE 12028 --- [learn-spring-boot] [           main] .b.c.c.ConfigDataEnvironmentContributors : Imported 1 resource [class path resource [application.properties]]
2024-11-07T17:26:22.971+05:30 TRACE 12028 --- [learn-spring-boot] [           main] .b.c.c.ConfigDataEnvironmentContributors : Processed imports for of 2 contributors
2024-11-07T17:26:22.971+05:30 TRACE 12028 --- [learn-spring-boot] [           main] o.s.b.c.config.ConfigDataEnvironment     : Creating config data activation context from initial contributions
2024-11-07T17:26:22.971+05:30 TRACE 12028 --- [learn-spring-boot] [           main] o.s.b.c.config.ConfigDataEnvironment     : Processing config data environment contributors with initial activation context
2024-11-07T17:26:22.975+05:30 TRACE 12028 --- [learn-spring-boot] [           main] .b.c.c.ConfigDataEnvironmentContributors : Processing imports for phase BEFORE_PROFILE_ACTIVATION. [ConfigDataActivationContext@4287d447 cloudPlatform = [null], profiles = [null]]
2024-11-07T17:26:22.975+05:30 TRACE 12028 --- [learn-spring-boot] [           main] .b.c.c.ConfigDataEnvironmentContributors : Processed imports for of 0 contributors
2024-11-07T17:26:22.975+05:30 TRACE 12028 --- [learn-spring-boot] [           main] o.s.b.c.config.ConfigDataEnvironment     : Deducing profiles from current config data environment contributors
2024-11-07T17:26:22.976+05:30 TRACE 12028 --- [learn-spring-boot] [           main] o.s.b.c.config.ConfigDataEnvironment     : Processing config data environment contributors with profile activation context
2024-11-07T17:26:22.976+05:30 TRACE 12028 --- [learn-spring-boot] [           main] .b.c.c.ConfigDataEnvironmentContributors : Processing imports for phase AFTER_PROFILE_ACTIVATION. [ConfigDataActivationContext@3af37506 cloudPlatform = [null], profiles = [Profiles@4e6d7365 active = '[prod]', default = '[default]', accepted = '[prod]']]
2024-11-07T17:26:22.976+05:30 TRACE 12028 --- [learn-spring-boot] [           main] .b.c.c.ConfigDataEnvironmentContributors : Processing imports [optional:file:./;optional:file:./config/;optional:file:./config/*/]
2024-11-07T17:26:22.976+05:30 TRACE 12028 --- [learn-spring-boot] [           main] b.c.c.StandardConfigDataLocationResolver : Skipping missing resource file:./application.yaml
2024-11-07T17:26:22.976+05:30 TRACE 12028 --- [learn-spring-boot] [           main] b.c.c.StandardConfigDataLocationResolver : Skipping missing resource file:./application.yml
2024-11-07T17:26:22.976+05:30 TRACE 12028 --- [learn-spring-boot] [           main] b.c.c.StandardConfigDataLocationResolver : Skipping missing resource file:./application.xml
2024-11-07T17:26:22.976+05:30 TRACE 12028 --- [learn-spring-boot] [           main] b.c.c.StandardConfigDataLocationResolver : Skipping missing resource file:./application.properties
2024-11-07T17:26:22.976+05:30 TRACE 12028 --- [learn-spring-boot] [           main] b.c.c.StandardConfigDataLocationResolver : Skipping missing resource file:./config/application.yaml
2024-11-07T17:26:22.976+05:30 TRACE 12028 --- [learn-spring-boot] [           main] b.c.c.StandardConfigDataLocationResolver : Skipping missing resource file:./config/application.yml
2024-11-07T17:26:22.976+05:30 TRACE 12028 --- [learn-spring-boot] [           main] b.c.c.StandardConfigDataLocationResolver : Skipping missing resource file:./config/application.xml
2024-11-07T17:26:22.978+05:30 TRACE 12028 --- [learn-spring-boot] [           main] b.c.c.StandardConfigDataLocationResolver : Skipping missing resource file:./config/application.properties
2024-11-07T17:26:22.978+05:30 TRACE 12028 --- [learn-spring-boot] [           main] b.c.c.StandardConfigDataLocationResolver : Skipping missing resource file:./application-prod.yaml
2024-11-07T17:26:22.978+05:30 TRACE 12028 --- [learn-spring-boot] [           main] b.c.c.StandardConfigDataLocationResolver : Skipping missing resource file:./application-prod.yml
2024-11-07T17:26:22.978+05:30 TRACE 12028 --- [learn-spring-boot] [           main] b.c.c.StandardConfigDataLocationResolver : Skipping missing resource file:./application-prod.xml
2024-11-07T17:26:22.978+05:30 TRACE 12028 --- [learn-spring-boot] [           main] b.c.c.StandardConfigDataLocationResolver : Skipping missing resource file:./application-prod.properties
2024-11-07T17:26:22.978+05:30 TRACE 12028 --- [learn-spring-boot] [           main] b.c.c.StandardConfigDataLocationResolver : Skipping missing resource file:./config/application-prod.yaml
2024-11-07T17:26:22.978+05:30 TRACE 12028 --- [learn-spring-boot] [           main] b.c.c.StandardConfigDataLocationResolver : Skipping missing resource file:./config/application-prod.yml
2024-11-07T17:26:22.978+05:30 TRACE 12028 --- [learn-spring-boot] [           main] b.c.c.StandardConfigDataLocationResolver : Skipping missing resource file:./config/application-prod.xml
2024-11-07T17:26:22.979+05:30 TRACE 12028 --- [learn-spring-boot] [           main] b.c.c.StandardConfigDataLocationResolver : Skipping missing resource file:./config/application-prod.properties
2024-11-07T17:26:22.979+05:30 TRACE 12028 --- [learn-spring-boot] [           main] o.s.b.context.config.ConfigDataImporter  : Considering resource file [.] from location optional:file:./;optional:file:./config/;optional:file:./config/*/
2024-11-07T17:26:22.979+05:30 TRACE 12028 --- [learn-spring-boot] [           main] o.s.b.context.config.ConfigDataImporter  : Already loaded resource file [.] ignoring location optional:file:./;optional:file:./config/;optional:file:./config/*/
2024-11-07T17:26:22.979+05:30 TRACE 12028 --- [learn-spring-boot] [           main] o.s.b.context.config.ConfigDataImporter  : Considering resource file [.] from location optional:file:./;optional:file:./config/;optional:file:./config/*/
2024-11-07T17:26:22.979+05:30 TRACE 12028 --- [learn-spring-boot] [           main] o.s.b.context.config.ConfigDataImporter  : Already loaded resource file [.] ignoring location optional:file:./;optional:file:./config/;optional:file:./config/*/
2024-11-07T17:26:22.979+05:30 TRACE 12028 --- [learn-spring-boot] [           main] .b.c.c.ConfigDataEnvironmentContributors : Nothing imported
2024-11-07T17:26:22.979+05:30 TRACE 12028 --- [learn-spring-boot] [           main] .b.c.c.ConfigDataEnvironmentContributors : Processing imports [optional:classpath:/;optional:classpath:/config/]
2024-11-07T17:26:22.980+05:30 TRACE 12028 --- [learn-spring-boot] [           main] b.c.c.StandardConfigDataLocationResolver : Skipping missing resource classpath:/application.yaml
2024-11-07T17:26:22.980+05:30 TRACE 12028 --- [learn-spring-boot] [           main] b.c.c.StandardConfigDataLocationResolver : Skipping missing resource classpath:/application.yml
2024-11-07T17:26:22.980+05:30 TRACE 12028 --- [learn-spring-boot] [           main] b.c.c.StandardConfigDataLocationResolver : Skipping missing resource classpath:/application.xml
2024-11-07T17:26:22.980+05:30 TRACE 12028 --- [learn-spring-boot] [           main] b.c.c.StandardConfigDataLocationResolver : Skipping missing resource classpath:/config/application.yaml
2024-11-07T17:26:22.980+05:30 TRACE 12028 --- [learn-spring-boot] [           main] b.c.c.StandardConfigDataLocationResolver : Skipping missing resource classpath:/config/application.yml
2024-11-07T17:26:22.980+05:30 TRACE 12028 --- [learn-spring-boot] [           main] b.c.c.StandardConfigDataLocationResolver : Skipping missing resource classpath:/config/application.xml
2024-11-07T17:26:22.980+05:30 TRACE 12028 --- [learn-spring-boot] [           main] b.c.c.StandardConfigDataLocationResolver : Skipping missing resource classpath:/config/application.properties
2024-11-07T17:26:22.980+05:30 TRACE 12028 --- [learn-spring-boot] [           main] b.c.c.StandardConfigDataLocationResolver : Skipping missing resource classpath:/application-prod.yaml
2024-11-07T17:26:22.980+05:30 TRACE 12028 --- [learn-spring-boot] [           main] b.c.c.StandardConfigDataLocationResolver : Skipping missing resource classpath:/application-prod.yml
2024-11-07T17:26:22.980+05:30 TRACE 12028 --- [learn-spring-boot] [           main] b.c.c.StandardConfigDataLocationResolver : Skipping missing resource classpath:/application-prod.xml
2024-11-07T17:26:22.980+05:30 TRACE 12028 --- [learn-spring-boot] [           main] b.c.c.StandardConfigDataLocationResolver : Skipping missing resource classpath:/config/application-prod.yaml
2024-11-07T17:26:22.980+05:30 TRACE 12028 --- [learn-spring-boot] [           main] b.c.c.StandardConfigDataLocationResolver : Skipping missing resource classpath:/config/application-prod.yml
2024-11-07T17:26:22.980+05:30 TRACE 12028 --- [learn-spring-boot] [           main] b.c.c.StandardConfigDataLocationResolver : Skipping missing resource classpath:/config/application-prod.xml
2024-11-07T17:26:22.980+05:30 TRACE 12028 --- [learn-spring-boot] [           main] b.c.c.StandardConfigDataLocationResolver : Skipping missing resource classpath:/config/application-prod.properties
2024-11-07T17:26:22.981+05:30 TRACE 12028 --- [learn-spring-boot] [           main] o.s.b.context.config.ConfigDataImporter  : Considering resource class path resource [application-prod.properties] from location optional:classpath:/;optional:classpath:/config/
2024-11-07T17:26:22.981+05:30 TRACE 12028 --- [learn-spring-boot] [           main] o.s.b.context.config.ConfigDataLoaders   : Loading class path resource [application-prod.properties] using loader org.springframework.boot.context.config.StandardConfigDataLoader
2024-11-07T17:26:22.981+05:30 TRACE 12028 --- [learn-spring-boot] [           main] o.s.b.context.config.ConfigDataImporter  : Loaded resource class path resource [application-prod.properties] from location optional:classpath:/;optional:classpath:/config/
2024-11-07T17:26:22.981+05:30 TRACE 12028 --- [learn-spring-boot] [           main] o.s.b.context.config.ConfigDataImporter  : Considering resource class path resource [application.properties] from location optional:classpath:/;optional:classpath:/config/
2024-11-07T17:26:22.981+05:30 TRACE 12028 --- [learn-spring-boot] [           main] o.s.b.context.config.ConfigDataImporter  : Already loaded resource class path resource [application.properties] ignoring location optional:classpath:/;optional:classpath:/config/
2024-11-07T17:26:22.981+05:30 TRACE 12028 --- [learn-spring-boot] [           main] .b.c.c.ConfigDataEnvironmentContributors : Imported 1 resource [class path resource [application-prod.properties]]
2024-11-07T17:26:22.981+05:30 TRACE 12028 --- [learn-spring-boot] [           main] .b.c.c.ConfigDataEnvironmentContributors : Processed imports for of 2 contributors
2024-11-07T17:26:22.981+05:30 TRACE 12028 --- [learn-spring-boot] [           main] o.s.b.c.config.ConfigDataEnvironment     : Applying config data environment contributions
2024-11-07T17:26:22.981+05:30 TRACE 12028 --- [learn-spring-boot] [           main] o.s.b.c.config.ConfigDataEnvironment     : Adding imported property source 'Config resource 'class path resource [application-prod.properties]' via location 'optional:classpath:/''
2024-11-07T17:26:22.981+05:30 TRACE 12028 --- [learn-spring-boot] [           main] o.s.b.c.config.ConfigDataEnvironment     : Adding imported property source 'Config resource 'class path resource [application.properties]' via location 'optional:classpath:/''
2024-11-07T17:26:22.981+05:30 TRACE 12028 --- [learn-spring-boot] [           main] o.s.b.c.config.ConfigDataEnvironment     : Setting default profiles: [default]
2024-11-07T17:26:22.981+05:30 TRACE 12028 --- [learn-spring-boot] [           main] o.s.b.c.config.ConfigDataEnvironment     : Setting active profiles: [prod]
2024-11-07T17:26:22.990+05:30 TRACE 12028 --- [learn-spring-boot] [           main] o.s.w.c.s.GenericWebApplicationContext   : Refreshing org.springframework.web.context.support.GenericWebApplicationContext@1cefc4b3, started on Thu Nov 07 17:26:22 IST 2024
2024-11-07T17:26:23.004+05:30 TRACE 12028 --- [learn-spring-boot] [           main] o.s.b.f.s.DefaultListableBeanFactory     : Registering scope 'request' with implementation [org.springframework.web.context.request.RequestScope@607b2792]
2024-11-07T17:26:23.004+05:30 TRACE 12028 --- [learn-spring-boot] [           main] o.s.b.f.s.DefaultListableBeanFactory     : Registering scope 'session' with implementation [org.springframework.web.context.request.SessionScope@31611954]
2024-11-07T17:26:23.005+05:30 TRACE 12028 --- [learn-spring-boot] [           main] o.s.b.f.s.DefaultListableBeanFactory     : Registering scope 'application' with implementation [org.springframework.web.context.support.ServletContextScope@42cc13a0]
2024-11-07T17:26:23.016+05:30 DEBUG 12028 --- [learn-spring-boot] [           main] o.s.b.f.s.DefaultListableBeanFactory     : Creating shared instance of singleton bean 'org.springframework.context.annotation.internalConfigurationAnnotationProcessor'
2024-11-07T17:26:23.017+05:30 TRACE 12028 --- [learn-spring-boot] [           main] o.s.b.f.s.DefaultListableBeanFactory     : Creating instance of bean 'org.springframework.context.annotation.internalConfigurationAnnotationProcessor'
2024-11-07T17:26:23.032+05:30 DEBUG 12028 --- [learn-spring-boot] [           main] o.s.b.f.s.DefaultListableBeanFactory     : Creating shared instance of singleton bean 'org.springframework.boot.autoconfigure.internalCachingMetadataReaderFactory'
2024-11-07T17:26:23.032+05:30 TRACE 12028 --- [learn-spring-boot] [           main] o.s.b.f.s.DefaultListableBeanFactory     : Creating instance of bean 'org.springframework.boot.autoconfigure.internalCachingMetadataReaderFactory'
2024-11-07T17:26:23.034+05:30 TRACE 12028 --- [learn-spring-boot] [           main] o.s.b.f.s.DefaultListableBeanFactory     : Finished creating instance of bean 'org.springframework.boot.autoconfigure.internalCachingMetadataReaderFactory'
2024-11-07T17:26:23.037+05:30 TRACE 12028 --- [learn-spring-boot] [           main] o.s.c.io.support.SpringFactoriesLoader   : Loaded [org.springframework.beans.BeanInfoFactory] names: []
2024-11-07T17:26:23.039+05:30 TRACE 12028 --- [learn-spring-boot] [           main] o.s.beans.CachedIntrospectionResults     : Getting BeanInfo for class [org.springframework.context.annotation.ConfigurationClassPostProcessor]
2024-11-07T17:26:23.042+05:30 TRACE 12028 --- [learn-spring-boot] [           main] o.s.beans.CachedIntrospectionResults     : Caching PropertyDescriptors for class [org.springframework.context.annotation.ConfigurationClassPostProcessor]
2024-11-07T17:26:23.043+05:30 TRACE 12028 --- [learn-spring-boot] [           main] o.s.beans.CachedIntrospectionResults     : Found bean property 'applicationStartup' of type [org.springframework.core.metrics.ApplicationStartup]
2024-11-07T17:26:23.043+05:30 TRACE 12028 --- [learn-spring-boot] [           main] o.s.beans.CachedIntrospectionResults     : Found bean property 'beanClassLoader' of type [java.lang.ClassLoader]
2024-11-07T17:26:23.044+05:30 TRACE 12028 --- [learn-spring-boot] [           main] o.s.beans.CachedIntrospectionResults     : Found bean property 'beanExcludedFromAotProcessing' of type [boolean]
2024-11-07T17:26:23.044+05:30 TRACE 12028 --- [learn-spring-boot] [           main] o.s.beans.CachedIntrospectionResults     : Found bean property 'beanNameGenerator' of type [org.springframework.beans.factory.support.BeanNameGenerator]
2024-11-07T17:26:23.045+05:30 TRACE 12028 --- [learn-spring-boot] [           main] o.s.beans.CachedIntrospectionResults     : Found bean property 'class' of type [java.lang.Class]
2024-11-07T17:26:23.045+05:30 TRACE 12028 --- [learn-spring-boot] [           main] o.s.beans.CachedIntrospectionResults     : Found bean property 'environment' of type [org.springframework.core.env.Environment]
2024-11-07T17:26:23.045+05:30 TRACE 12028 --- [learn-spring-boot] [           main] o.s.beans.CachedIntrospectionResults     : Found bean property 'metadataReaderFactory' of type [org.springframework.core.type.classreading.MetadataReaderFactory]
2024-11-07T17:26:23.045+05:30 TRACE 12028 --- [learn-spring-boot] [           main] o.s.beans.CachedIntrospectionResults     : Found bean property 'order' of type [int]
2024-11-07T17:26:23.046+05:30 TRACE 12028 --- [learn-spring-boot] [           main] o.s.beans.CachedIntrospectionResults     : Found bean property 'problemReporter' of type [org.springframework.beans.factory.parsing.ProblemReporter]
2024-11-07T17:26:23.046+05:30 TRACE 12028 --- [learn-spring-boot] [           main] o.s.beans.CachedIntrospectionResults     : Found bean property 'resourceLoader' of type [org.springframework.core.io.ResourceLoader]
2024-11-07T17:26:23.046+05:30 TRACE 12028 --- [learn-spring-boot] [           main] o.s.beans.CachedIntrospectionResults     : Found bean property 'sourceExtractor' of type [org.springframework.beans.factory.parsing.SourceExtractor]
2024-11-07T17:26:23.050+05:30 TRACE 12028 --- [learn-spring-boot] [           main] o.s.b.f.s.DefaultListableBeanFactory     : Finished creating instance of bean 'org.springframework.context.annotation.internalConfigurationAnnotationProcessor'
2024-11-07T17:26:23.065+05:30 TRACE 12028 --- [learn-spring-boot] [           main] o.s.c.a.ClassPathBeanDefinitionScanner   : JSR-250 'jakarta.annotation.ManagedBean' found and supported for component scanning
2024-11-07T17:26:23.069+05:30 TRACE 12028 --- [learn-spring-boot] [           main] .i.s.PathMatchingResourcePatternResolver : Resolved module-path location pattern [com/springboot/learn_spring_boot/**/*.class] to resources []
2024-11-07T17:26:23.069+05:30 TRACE 12028 --- [learn-spring-boot] [           main] .i.s.PathMatchingResourcePatternResolver : Resolved module-path location pattern [com/springboot/learn_spring_boot/] to resources []
2024-11-07T17:26:23.070+05:30 TRACE 12028 --- [learn-spring-boot] [           main] .i.s.PathMatchingResourcePatternResolver : Resolved class path location [com/springboot/learn_spring_boot/] to resources [file [C:\Users\VTARUSI\OneDrive - Pearson PLC\Documents\Spring\learn-spring-boot\target\test-classes\com\springboot\learn_spring_boot], file [C:\Users\VTARUSI\OneDrive - Pearson PLC\Documents\Spring\learn-spring-boot\target\classes\com\springboot\learn_spring_boot]]
2024-11-07T17:26:23.072+05:30 TRACE 12028 --- [learn-spring-boot] [           main] .i.s.PathMatchingResourcePatternResolver : Searching directory [C:\Users\VTARUSI\OneDrive - Pearson PLC\Documents\Spring\learn-spring-boot\target\test-classes\com\springboot\learn_spring_boot] for files matching pattern [**/*.class]
2024-11-07T17:26:23.074+05:30 TRACE 12028 --- [learn-spring-boot] [           main] .i.s.PathMatchingResourcePatternResolver : Searching directory [C:\Users\VTARUSI\OneDrive - Pearson PLC\Documents\Spring\learn-spring-boot\target\classes\com\springboot\learn_spring_boot] for files matching pattern [**/*.class]
2024-11-07T17:26:23.074+05:30 TRACE 12028 --- [learn-spring-boot] [           main] .i.s.PathMatchingResourcePatternResolver : Resolved location pattern [classpath*:com/springboot/learn_spring_boot/**/*.class] to resources [file [C:\Users\VTARUSI\OneDrive - Pearson PLC\Documents\Spring\learn-spring-boot\target\test-classes\com\springboot\learn_spring_boot\LearnSpringBootApplicationTests.class], file [C:\Users\VTARUSI\OneDrive - Pearson PLC\Documents\Spring\learn-spring-boot\target\classes\com\springboot\learn_spring_boot\Course.class], file [C:\Users\VTARUSI\OneDrive - Pearson PLC\Documents\Spring\learn-spring-boot\target\classes\com\springboot\learn_spring_boot\CourseController.class], file [C:\Users\VTARUSI\OneDrive - Pearson PLC\Documents\Spring\learn-spring-boot\target\classes\com\springboot\learn_spring_boot\CurrencyConfiguration.class], file [C:\Users\VTARUSI\OneDrive - Pearson PLC\Documents\Spring\learn-spring-boot\target\classes\com\springboot\learn_spring_boot\CurrencyController.class], file [C:\Users\VTARUSI\OneDrive - Pearson PLC\Documents\Spring\learn-spring-boot\target\classes\com\springboot\learn_spring_boot\LearnSpringBootApplication.class]]
2024-11-07T17:26:23.075+05:30 TRACE 12028 --- [learn-spring-boot] [           main] o.s.c.a.ClassPathBeanDefinitionScanner   : Scanning file [C:\Users\VTARUSI\OneDrive - Pearson PLC\Documents\Spring\learn-spring-boot\target\test-classes\com\springboot\learn_spring_boot\LearnSpringBootApplicationTests.class]
2024-11-07T17:26:23.076+05:30 TRACE 12028 --- [learn-spring-boot] [           main] o.s.b.f.s.DefaultListableBeanFactory     : Returning cached instance of singleton bean 'org.springframework.boot.test.context.filter.TestTypeExcludeFilter'
2024-11-07T17:26:23.076+05:30 TRACE 12028 --- [learn-spring-boot] [           main] o.s.c.a.ClassPathBeanDefinitionScanner   : Ignored because not matching any filter: file [C:\Users\VTARUSI\OneDrive - Pearson PLC\Documents\Spring\learn-spring-boot\target\test-classes\com\springboot\learn_spring_boot\LearnSpringBootApplicationTests.class]
2024-11-07T17:26:23.076+05:30 TRACE 12028 --- [learn-spring-boot] [           main] o.s.c.a.ClassPathBeanDefinitionScanner   : Scanning file [C:\Users\VTARUSI\OneDrive - Pearson PLC\Documents\Spring\learn-spring-boot\target\classes\com\springboot\learn_spring_boot\Course.class]
2024-11-07T17:26:23.078+05:30 TRACE 12028 --- [learn-spring-boot] [           main] o.s.c.a.ClassPathBeanDefinitionScanner   : Ignored because not matching any filter: file [C:\Users\VTARUSI\OneDrive - Pearson PLC\Documents\Spring\learn-spring-boot\target\classes\com\springboot\learn_spring_boot\Course.class]
2024-11-07T17:26:23.078+05:30 TRACE 12028 --- [learn-spring-boot] [           main] o.s.c.a.ClassPathBeanDefinitionScanner   : Scanning file [C:\Users\VTARUSI\OneDrive - Pearson PLC\Documents\Spring\learn-spring-boot\target\classes\com\springboot\learn_spring_boot\CourseController.class]
2024-11-07T17:26:23.079+05:30 DEBUG 12028 --- [learn-spring-boot] [           main] o.s.c.a.ClassPathBeanDefinitionScanner   : Identified candidate component class: file [C:\Users\VTARUSI\OneDrive - Pearson PLC\Documents\Spring\learn-spring-boot\target\classes\com\springboot\learn_spring_boot\CourseController.class]
2024-11-07T17:26:23.080+05:30 TRACE 12028 --- [learn-spring-boot] [           main] o.s.c.a.ClassPathBeanDefinitionScanner   : Scanning file [C:\Users\VTARUSI\OneDrive - Pearson PLC\Documents\Spring\learn-spring-boot\target\classes\com\springboot\learn_spring_boot\CurrencyConfiguration.class]
2024-11-07T17:26:23.081+05:30 DEBUG 12028 --- [learn-spring-boot] [           main] o.s.c.a.ClassPathBeanDefinitionScanner   : Identified candidate component class: file [C:\Users\VTARUSI\OneDrive - Pearson PLC\Documents\Spring\learn-spring-boot\target\classes\com\springboot\learn_spring_boot\CurrencyConfiguration.class]
2024-11-07T17:26:23.081+05:30 TRACE 12028 --- [learn-spring-boot] [           main] o.s.c.a.ClassPathBeanDefinitionScanner   : Scanning file [C:\Users\VTARUSI\OneDrive - Pearson PLC\Documents\Spring\learn-spring-boot\target\classes\com\springboot\learn_spring_boot\CurrencyController.class]
2024-11-07T17:26:23.082+05:30 DEBUG 12028 --- [learn-spring-boot] [           main] o.s.c.a.ClassPathBeanDefinitionScanner   : Identified candidate component class: file [C:\Users\VTARUSI\OneDrive - Pearson PLC\Documents\Spring\learn-spring-boot\target\classes\com\springboot\learn_spring_boot\CurrencyController.class]
2024-11-07T17:26:23.082+05:30 TRACE 12028 --- [learn-spring-boot] [           main] o.s.c.a.ClassPathBeanDefinitionScanner   : Scanning file [C:\Users\VTARUSI\OneDrive - Pearson PLC\Documents\Spring\learn-spring-boot\target\classes\com\springboot\learn_spring_boot\LearnSpringBootApplication.class]
2024-11-07T17:26:23.083+05:30 TRACE 12028 --- [learn-spring-boot] [           main] o.s.c.a.ClassPathBeanDefinitionScanner   : Ignored because not matching any filter: file [C:\Users\VTARUSI\OneDrive - Pearson PLC\Documents\Spring\learn-spring-boot\target\classes\com\springboot\learn_spring_boot\LearnSpringBootApplication.class]
2024-11-07T17:26:23.105+05:30 TRACE 12028 --- [learn-spring-boot] [           main] o.s.c.io.support.SpringFactoriesLoader   : Loaded [org.springframework.boot.autoconfigure.AutoConfigurationImportFilter] names: [org.springframework.boot.autoconfigure.condition.OnBeanCondition, org.springframework.boot.autoconfigure.condition.OnClassCondition, org.springframework.boot.autoconfigure.condition.OnWebApplicationCondition]
2024-11-07T17:26:23.130+05:30 TRACE 12028 --- [learn-spring-boot] [           main] o.s.b.f.s.DefaultListableBeanFactory     : Returning cached instance of singleton bean 'autoConfigurationReport'
2024-11-07T17:26:23.182+05:30 TRACE 12028 --- [learn-spring-boot] [           main] o.s.b.a.condition.OnClassCondition       : Condition OnClassCondition on org.springframework.boot.devtools.autoconfigure.DevToolsR2dbcAutoConfiguration did not match due to @ConditionalOnClass did not find required class 'io.r2dbc.spi.ConnectionFactory'
2024-11-07T17:26:23.184+05:30 TRACE 12028 --- [learn-spring-boot] [           main] o.s.b.a.condition.OnClassCondition       : Condition OnClassCondition on org.springframework.boot.autoconfigure.amqp.RabbitAutoConfiguration did not match due to @ConditionalOnClass did not find required class 'com.rabbitmq.client.Channel'
2024-11-07T17:26:23.184+05:30 TRACE 12028 --- [learn-spring-boot] [           main] o.s.b.a.condition.OnClassCondition       : Condition OnClassCondition on org.springframework.boot.autoconfigure.batch.BatchAutoConfiguration did not match due to @ConditionalOnClass did not find required class 'org.springframework.batch.core.launch.JobLauncher'
2024-11-07T17:26:23.185+05:30 TRACE 12028 --- [learn-spring-boot] [           main] o.s.b.a.condition.OnClassCondition       : Condition OnClassCondition on org.springframework.boot.autoconfigure.cassandra.CassandraAutoConfiguration did not match due to @ConditionalOnClass did not find required class 'com.datastax.oss.driver.api.core.CqlSession'
2024-11-07T17:26:23.185+05:30 TRACE 12028 --- [learn-spring-boot] [           main] o.s.b.a.condition.OnClassCondition       : Condition OnClassCondition on org.springframework.boot.autoconfigure.couchbase.CouchbaseAutoConfiguration did not match due to @ConditionalOnClass did not find required class 'com.couchbase.client.java.Cluster'
2024-11-07T17:26:23.185+05:30 TRACE 12028 --- [learn-spring-boot] [           main] o.s.b.a.condition.OnClassCondition       : Condition OnClassCondition on org.springframework.boot.autoconfigure.dao.PersistenceExceptionTranslationAutoConfiguration did not match due to @ConditionalOnClass did not find required class 'org.springframework.dao.annotation.PersistenceExceptionTranslationPostProcessor'
2024-11-07T17:26:23.185+05:30 TRACE 12028 --- [learn-spring-boot] [           main] o.s.b.a.condition.OnClassCondition       : Condition OnClassCondition on org.springframework.boot.autoconfigure.data.cassandra.CassandraDataAutoConfiguration did not match due to @ConditionalOnClass did not find required class 'com.datastax.oss.driver.api.core.CqlSession'
2024-11-07T17:26:23.185+05:30 TRACE 12028 --- [learn-spring-boot] [           main] o.s.b.a.condition.OnClassCondition       : Condition OnClassCondition on org.springframework.boot.autoconfigure.data.cassandra.CassandraReactiveDataAutoConfiguration did not match due to @ConditionalOnClass did not find required class 'com.datastax.oss.driver.api.core.CqlSession'
2024-11-07T17:26:23.185+05:30 TRACE 12028 --- [learn-spring-boot] [           main] o.s.b.a.condition.OnClassCondition       : Condition OnClassCondition on org.springframework.boot.autoconfigure.data.cassandra.CassandraReactiveRepositoriesAutoConfiguration did not match due to @ConditionalOnClass did not find required class 'org.springframework.data.cassandra.ReactiveSession'
2024-11-07T17:26:23.186+05:30 TRACE 12028 --- [learn-spring-boot] [           main] o.s.b.a.condition.OnClassCondition       : Condition OnClassCondition on org.springframework.boot.autoconfigure.data.cassandra.CassandraRepositoriesAutoConfiguration did not match due to @ConditionalOnClass did not find required class 'com.datastax.oss.driver.api.core.CqlSession'
2024-11-07T17:26:23.186+05:30 TRACE 12028 --- [learn-spring-boot] [           main] o.s.b.a.condition.OnClassCondition       : Condition OnClassCondition on org.springframework.boot.autoconfigure.data.couchbase.CouchbaseDataAutoConfiguration did not match due to @ConditionalOnClass did not find required class 'com.couchbase.client.java.Bucket'
2024-11-07T17:26:23.186+05:30 TRACE 12028 --- [learn-spring-boot] [           main] o.s.b.a.condition.OnClassCondition       : Condition OnClassCondition on org.springframework.boot.autoconfigure.data.couchbase.CouchbaseReactiveDataAutoConfiguration did not match due to @ConditionalOnClass did not find required class 'com.couchbase.client.java.Cluster'
2024-11-07T17:26:23.186+05:30 TRACE 12028 --- [learn-spring-boot] [           main] o.s.b.a.condition.OnClassCondition       : Condition OnClassCondition on org.springframework.boot.autoconfigure.data.couchbase.CouchbaseReactiveRepositoriesAutoConfiguration did not match due to @ConditionalOnClass did not find required class 'com.couchbase.client.java.Cluster'
2024-11-07T17:26:23.186+05:30 TRACE 12028 --- [learn-spring-boot] [           main] o.s.b.a.condition.OnClassCondition       : Condition OnClassCondition on org.springframework.boot.autoconfigure.data.couchbase.CouchbaseRepositoriesAutoConfiguration did not match due to @ConditionalOnClass did not find required class 'com.couchbase.client.java.Bucket'
2024-11-07T17:26:23.186+05:30 TRACE 12028 --- [learn-spring-boot] [           main] o.s.b.a.condition.OnClassCondition       : Condition OnClassCondition on org.springframework.boot.autoconfigure.data.elasticsearch.ElasticsearchDataAutoConfiguration did not match due to @ConditionalOnClass did not find required class 'org.springframework.data.elasticsearch.client.elc.ElasticsearchTemplate'
2024-11-07T17:26:23.186+05:30 TRACE 12028 --- [learn-spring-boot] [           main] o.s.b.a.condition.OnClassCondition       : Condition OnClassCondition on org.springframework.boot.autoconfigure.data.elasticsearch.ElasticsearchRepositoriesAutoConfiguration did not match due to @ConditionalOnClass did not find required class 'org.springframework.data.elasticsearch.repository.ElasticsearchRepository'
2024-11-07T17:26:23.186+05:30 TRACE 12028 --- [learn-spring-boot] [           main] o.s.b.a.condition.OnClassCondition       : Condition OnClassCondition on org.springframework.boot.autoconfigure.data.elasticsearch.ReactiveElasticsearchRepositoriesAutoConfiguration did not match due to @ConditionalOnClass did not find required class 'reactor.core.publisher.Mono'
2024-11-07T17:26:23.186+05:30 TRACE 12028 --- [learn-spring-boot] [           main] o.s.b.a.condition.OnClassCondition       : Condition OnClassCondition on org.springframework.boot.autoconfigure.data.jdbc.JdbcRepositoriesAutoConfiguration did not match due to @ConditionalOnClass did not find required class 'org.springframework.data.jdbc.repository.config.AbstractJdbcConfiguration'
2024-11-07T17:26:23.186+05:30 TRACE 12028 --- [learn-spring-boot] [           main] o.s.b.a.condition.OnClassCondition       : Condition OnClassCondition on org.springframework.boot.autoconfigure.data.jpa.JpaRepositoriesAutoConfiguration did not match due to @ConditionalOnClass did not find required class 'org.springframework.data.jpa.repository.JpaRepository'
2024-11-07T17:26:23.187+05:30 TRACE 12028 --- [learn-spring-boot] [           main] o.s.b.a.condition.OnClassCondition       : Condition OnClassCondition on org.springframework.boot.autoconfigure.data.ldap.LdapRepositoriesAutoConfiguration did not match due to @ConditionalOnClass did not find required class 'org.springframework.data.ldap.repository.LdapRepository'
2024-11-07T17:26:23.187+05:30 TRACE 12028 --- [learn-spring-boot] [           main] o.s.b.a.condition.OnClassCondition       : Condition OnClassCondition on org.springframework.boot.autoconfigure.data.mongo.MongoDataAutoConfiguration did not match due to @ConditionalOnClass did not find required class 'com.mongodb.client.MongoClient'
2024-11-07T17:26:23.187+05:30 TRACE 12028 --- [learn-spring-boot] [           main] o.s.b.a.condition.OnClassCondition       : Condition OnClassCondition on org.springframework.boot.autoconfigure.data.mongo.MongoReactiveDataAutoConfiguration did not match due to @ConditionalOnClass did not find required class 'com.mongodb.reactivestreams.client.MongoClient'
2024-11-07T17:26:23.187+05:30 TRACE 12028 --- [learn-spring-boot] [           main] o.s.b.a.condition.OnClassCondition       : Condition OnClassCondition on org.springframework.boot.autoconfigure.data.mongo.MongoReactiveRepositoriesAutoConfiguration did not match due to @ConditionalOnClass did not find required class 'com.mongodb.reactivestreams.client.MongoClient'
2024-11-07T17:26:23.187+05:30 TRACE 12028 --- [learn-spring-boot] [           main] o.s.b.a.condition.OnClassCondition       : Condition OnClassCondition on org.springframework.boot.autoconfigure.data.mongo.MongoRepositoriesAutoConfiguration did not match due to @ConditionalOnClass did not find required class 'com.mongodb.client.MongoClient'
2024-11-07T17:26:23.187+05:30 TRACE 12028 --- [learn-spring-boot] [           main] o.s.b.a.condition.OnClassCondition       : Condition OnClassCondition on org.springframework.boot.autoconfigure.data.neo4j.Neo4jDataAutoConfiguration did not match due to @ConditionalOnClass did not find required class 'org.neo4j.driver.Driver'
2024-11-07T17:26:23.187+05:30 TRACE 12028 --- [learn-spring-boot] [           main] o.s.b.a.condition.OnClassCondition       : Condition OnClassCondition on org.springframework.boot.autoconfigure.data.neo4j.Neo4jReactiveDataAutoConfiguration did not match due to @ConditionalOnClass did not find required class 'org.neo4j.driver.Driver'
2024-11-07T17:26:23.187+05:30 TRACE 12028 --- [learn-spring-boot] [           main] o.s.b.a.condition.OnClassCondition       : Condition OnClassCondition on org.springframework.boot.autoconfigure.data.neo4j.Neo4jReactiveRepositoriesAutoConfiguration did not match due to @ConditionalOnClass did not find required class 'org.neo4j.driver.Driver'
2024-11-07T17:26:23.187+05:30 TRACE 12028 --- [learn-spring-boot] [           main] o.s.b.a.condition.OnClassCondition       : Condition OnClassCondition on org.springframework.boot.autoconfigure.data.neo4j.Neo4jRepositoriesAutoConfiguration did not match due to @ConditionalOnClass did not find required class 'org.neo4j.driver.Driver'
2024-11-07T17:26:23.187+05:30 TRACE 12028 --- [learn-spring-boot] [           main] o.s.b.a.condition.OnClassCondition       : Condition OnClassCondition on org.springframework.boot.autoconfigure.data.r2dbc.R2dbcDataAutoConfiguration did not match due to @ConditionalOnClass did not find required class 'org.springframework.data.r2dbc.core.R2dbcEntityTemplate'
2024-11-07T17:26:23.187+05:30 TRACE 12028 --- [learn-spring-boot] [           main] o.s.b.a.condition.OnClassCondition       : Condition OnClassCondition on org.springframework.boot.autoconfigure.data.r2dbc.R2dbcRepositoriesAutoConfiguration did not match due to @ConditionalOnClass did not find required class 'io.r2dbc.spi.ConnectionFactory'
2024-11-07T17:26:23.187+05:30 TRACE 12028 --- [learn-spring-boot] [           main] o.s.b.a.condition.OnClassCondition       : Condition OnClassCondition on org.springframework.boot.autoconfigure.data.redis.RedisAutoConfiguration did not match due to @ConditionalOnClass did not find required class 'org.springframework.data.redis.core.RedisOperations'
2024-11-07T17:26:23.187+05:30 TRACE 12028 --- [learn-spring-boot] [           main] o.s.b.a.condition.OnClassCondition       : Condition OnClassCondition on org.springframework.boot.autoconfigure.data.redis.RedisReactiveAutoConfiguration did not match due to @ConditionalOnClass did not find required class 'reactor.core.publisher.Flux'
2024-11-07T17:26:23.187+05:30 TRACE 12028 --- [learn-spring-boot] [           main] o.s.b.a.condition.OnClassCondition       : Condition OnClassCondition on org.springframework.boot.autoconfigure.data.redis.RedisRepositoriesAutoConfiguration did not match due to @ConditionalOnClass did not find required class 'org.springframework.data.redis.repository.configuration.EnableRedisRepositories'
2024-11-07T17:26:23.187+05:30 TRACE 12028 --- [learn-spring-boot] [           main] o.s.b.a.condition.OnClassCondition       : Condition OnClassCondition on org.springframework.boot.autoconfigure.data.rest.RepositoryRestMvcAutoConfiguration did not match due to @ConditionalOnClass did not find required class 'org.springframework.data.rest.webmvc.config.RepositoryRestMvcConfiguration'
2024-11-07T17:26:23.187+05:30 TRACE 12028 --- [learn-spring-boot] [           main] o.s.b.a.condition.OnClassCondition       : Condition OnClassCondition on org.springframework.boot.autoconfigure.data.web.SpringDataWebAutoConfiguration did not match due to @ConditionalOnClass did not find required class 'org.springframework.data.web.PageableHandlerMethodArgumentResolver'
2024-11-07T17:26:23.188+05:30 TRACE 12028 --- [learn-spring-boot] [           main] o.s.b.a.condition.OnClassCondition       : Condition OnClassCondition on org.springframework.boot.autoconfigure.elasticsearch.ElasticsearchClientAutoConfiguration did not match due to @ConditionalOnClass did not find required class 'co.elastic.clients.elasticsearch.ElasticsearchClient'
2024-11-07T17:26:23.188+05:30 TRACE 12028 --- [learn-spring-boot] [           main] o.s.b.a.condition.OnClassCondition       : Condition OnClassCondition on org.springframework.boot.autoconfigure.elasticsearch.ElasticsearchRestClientAutoConfiguration did not match due to @ConditionalOnClass did not find required class 'org.elasticsearch.client.RestClientBuilder'
2024-11-07T17:26:23.188+05:30 TRACE 12028 --- [learn-spring-boot] [           main] o.s.b.a.condition.OnClassCondition       : Condition OnClassCondition on org.springframework.boot.autoconfigure.elasticsearch.ReactiveElasticsearchClientAutoConfiguration did not match due to @ConditionalOnClass did not find required class 'co.elastic.clients.transport.ElasticsearchTransport'
2024-11-07T17:26:23.188+05:30 TRACE 12028 --- [learn-spring-boot] [           main] o.s.b.a.condition.OnClassCondition       : Condition OnClassCondition on org.springframework.boot.autoconfigure.flyway.FlywayAutoConfiguration did not match due to @ConditionalOnClass did not find required class 'org.flywaydb.core.Flyway'
2024-11-07T17:26:23.188+05:30 TRACE 12028 --- [learn-spring-boot] [           main] o.s.b.a.condition.OnClassCondition       : Condition OnClassCondition on org.springframework.boot.autoconfigure.freemarker.FreeMarkerAutoConfiguration did not match due to @ConditionalOnClass did not find required class 'freemarker.template.Configuration'
2024-11-07T17:26:23.188+05:30 TRACE 12028 --- [learn-spring-boot] [           main] o.s.b.a.condition.OnClassCondition       : Condition OnClassCondition on org.springframework.boot.autoconfigure.graphql.GraphQlAutoConfiguration did not match due to @ConditionalOnClass did not find required class 'graphql.GraphQL'
2024-11-07T17:26:23.188+05:30 TRACE 12028 --- [learn-spring-boot] [           main] o.s.b.a.condition.OnClassCondition       : Condition OnClassCondition on org.springframework.boot.autoconfigure.graphql.data.GraphQlReactiveQueryByExampleAutoConfiguration did not match due to @ConditionalOnClass did not find required class 'graphql.GraphQL'
2024-11-07T17:26:23.188+05:30 TRACE 12028 --- [learn-spring-boot] [           main] o.s.b.a.condition.OnClassCondition       : Condition OnClassCondition on org.springframework.boot.autoconfigure.graphql.data.GraphQlReactiveQuerydslAutoConfiguration did not match due to @ConditionalOnClass did not find required class 'com.querydsl.core.Query'
2024-11-07T17:26:23.188+05:30 TRACE 12028 --- [learn-spring-boot] [           main] o.s.b.a.condition.OnClassCondition       : Condition OnClassCondition on org.springframework.boot.autoconfigure.graphql.data.GraphQlQueryByExampleAutoConfiguration did not match due to @ConditionalOnClass did not find required class 'graphql.GraphQL'
2024-11-07T17:26:23.188+05:30 TRACE 12028 --- [learn-spring-boot] [           main] o.s.b.a.condition.OnClassCondition       : Condition OnClassCondition on org.springframework.boot.autoconfigure.graphql.data.GraphQlQuerydslAutoConfiguration did not match due to @ConditionalOnClass did not find required class 'com.querydsl.core.Query'
2024-11-07T17:26:23.188+05:30 TRACE 12028 --- [learn-spring-boot] [           main] o.s.b.a.condition.OnClassCondition       : Condition OnClassCondition on org.springframework.boot.autoconfigure.graphql.reactive.GraphQlWebFluxAutoConfiguration did not match due to @ConditionalOnClass did not find required class 'graphql.GraphQL'
2024-11-07T17:26:23.188+05:30 TRACE 12028 --- [learn-spring-boot] [           main] o.s.b.a.condition.OnClassCondition       : Condition OnClassCondition on org.springframework.boot.autoconfigure.graphql.rsocket.GraphQlRSocketAutoConfiguration did not match due to @ConditionalOnClass did not find required class 'graphql.GraphQL'
2024-11-07T17:26:23.188+05:30 TRACE 12028 --- [learn-spring-boot] [           main] o.s.b.a.condition.OnClassCondition       : Condition OnClassCondition on org.springframework.boot.autoconfigure.graphql.rsocket.RSocketGraphQlClientAutoConfiguration did not match due to @ConditionalOnClass did not find required class 'graphql.GraphQL'
2024-11-07T17:26:23.188+05:30 TRACE 12028 --- [learn-spring-boot] [           main] o.s.b.a.condition.OnClassCondition       : Condition OnClassCondition on org.springframework.boot.autoconfigure.graphql.security.GraphQlWebFluxSecurityAutoConfiguration did not match due to @ConditionalOnClass did not find required class 'graphql.GraphQL'
2024-11-07T17:26:23.188+05:30 TRACE 12028 --- [learn-spring-boot] [           main] o.s.b.a.condition.OnClassCondition       : Condition OnClassCondition on org.springframework.boot.autoconfigure.graphql.security.GraphQlWebMvcSecurityAutoConfiguration did not match due to @ConditionalOnClass did not find required class 'graphql.GraphQL'
2024-11-07T17:26:23.188+05:30 TRACE 12028 --- [learn-spring-boot] [           main] o.s.b.a.condition.OnClassCondition       : Condition OnClassCondition on org.springframework.boot.autoconfigure.graphql.servlet.GraphQlWebMvcAutoConfiguration did not match due to @ConditionalOnClass did not find required class 'graphql.GraphQL'
2024-11-07T17:26:23.188+05:30 TRACE 12028 --- [learn-spring-boot] [           main] o.s.b.a.condition.OnClassCondition       : Condition OnClassCondition on org.springframework.boot.autoconfigure.groovy.template.GroovyTemplateAutoConfiguration did not match due to @ConditionalOnClass did not find required class 'groovy.text.markup.MarkupTemplateEngine'
2024-11-07T17:26:23.188+05:30 TRACE 12028 --- [learn-spring-boot] [           main] o.s.b.a.condition.OnClassCondition       : Condition OnClassCondition on org.springframework.boot.autoconfigure.gson.GsonAutoConfiguration did not match due to @ConditionalOnClass did not find required class 'com.google.gson.Gson'
2024-11-07T17:26:23.188+05:30 TRACE 12028 --- [learn-spring-boot] [           main] o.s.b.a.condition.OnClassCondition       : Condition OnClassCondition on org.springframework.boot.autoconfigure.h2.H2ConsoleAutoConfiguration did not match due to @ConditionalOnClass did not find required class 'org.h2.server.web.JakartaWebServlet'
2024-11-07T17:26:23.189+05:30 TRACE 12028 --- [learn-spring-boot] [           main] o.s.b.a.condition.OnClassCondition       : Condition OnClassCondition on org.springframework.boot.autoconfigure.hateoas.HypermediaAutoConfiguration did not match due to @ConditionalOnClass did not find required class 'org.springframework.hateoas.EntityModel'
2024-11-07T17:26:23.189+05:30 TRACE 12028 --- [learn-spring-boot] [           main] o.s.b.a.condition.OnClassCondition       : Condition OnClassCondition on org.springframework.boot.autoconfigure.hazelcast.HazelcastAutoConfiguration did not match due to @ConditionalOnClass did not find required class 'com.hazelcast.core.HazelcastInstance'
2024-11-07T17:26:23.189+05:30 TRACE 12028 --- [learn-spring-boot] [           main] o.s.b.a.condition.OnClassCondition       : Condition OnClassCondition on org.springframework.boot.autoconfigure.hazelcast.HazelcastJpaDependencyAutoConfiguration did not match due to @ConditionalOnClass did not find required class 'com.hazelcast.core.HazelcastInstance'
2024-11-07T17:26:23.189+05:30 TRACE 12028 --- [learn-spring-boot] [           main] o.s.b.a.condition.OnClassCondition       : Condition OnClassCondition on org.springframework.boot.autoconfigure.http.codec.CodecsAutoConfiguration did not match due to @ConditionalOnClass did not find required class 'org.springframework.web.reactive.function.client.WebClient'
2024-11-07T17:26:23.189+05:30 TRACE 12028 --- [learn-spring-boot] [           main] o.s.b.a.condition.OnClassCondition       : Condition OnClassCondition on org.springframework.boot.autoconfigure.integration.IntegrationAutoConfiguration did not match due to @ConditionalOnClass did not find required class 'org.springframework.integration.config.EnableIntegration'
2024-11-07T17:26:23.189+05:30 TRACE 12028 --- [learn-spring-boot] [           main] o.s.b.a.condition.OnClassCondition       : Condition OnClassCondition on org.springframework.boot.autoconfigure.jdbc.DataSourceAutoConfiguration did not match due to @ConditionalOnClass did not find required class 'org.springframework.jdbc.datasource.embedded.EmbeddedDatabaseType'
2024-11-07T17:26:23.189+05:30 TRACE 12028 --- [learn-spring-boot] [           main] o.s.b.a.condition.OnClassCondition       : Condition OnClassCondition on org.springframework.boot.autoconfigure.jdbc.JdbcTemplateAutoConfiguration did not match due to @ConditionalOnClass did not find required class 'org.springframework.jdbc.core.JdbcTemplate'
2024-11-07T17:26:23.189+05:30 TRACE 12028 --- [learn-spring-boot] [           main] o.s.b.a.condition.OnClassCondition       : Condition OnClassCondition on org.springframework.boot.autoconfigure.jdbc.JndiDataSourceAutoConfiguration did not match due to @ConditionalOnClass did not find required class 'org.springframework.jdbc.datasource.embedded.EmbeddedDatabaseType'
2024-11-07T17:26:23.189+05:30 TRACE 12028 --- [learn-spring-boot] [           main] o.s.b.a.condition.OnClassCondition       : Condition OnClassCondition on org.springframework.boot.autoconfigure.jdbc.XADataSourceAutoConfiguration did not match due to @ConditionalOnClass did not find required class 'jakarta.transaction.TransactionManager'
2024-11-07T17:26:23.189+05:30 TRACE 12028 --- [learn-spring-boot] [           main] o.s.b.a.condition.OnClassCondition       : Condition OnClassCondition on org.springframework.boot.autoconfigure.jdbc.DataSourceTransactionManagerAutoConfiguration did not match due to @ConditionalOnClass did not find required class 'org.springframework.jdbc.core.JdbcTemplate'
2024-11-07T17:26:23.189+05:30 TRACE 12028 --- [learn-spring-boot] [           main] o.s.b.a.condition.OnClassCondition       : Condition OnClassCondition on org.springframework.boot.autoconfigure.jersey.JerseyAutoConfiguration did not match due to @ConditionalOnClass did not find required class 'org.glassfish.jersey.server.spring.SpringComponentProvider'
2024-11-07T17:26:23.189+05:30 TRACE 12028 --- [learn-spring-boot] [           main] o.s.b.a.condition.OnClassCondition       : Condition OnClassCondition on org.springframework.boot.autoconfigure.jms.JmsAutoConfiguration did not match due to @ConditionalOnClass did not find required class 'jakarta.jms.Message'
2024-11-07T17:26:23.189+05:30 TRACE 12028 --- [learn-spring-boot] [           main] o.s.b.a.condition.OnClassCondition       : Condition OnClassCondition on org.springframework.boot.autoconfigure.jms.JndiConnectionFactoryAutoConfiguration did not match due to @ConditionalOnClass did not find required class 'org.springframework.jms.core.JmsTemplate'
2024-11-07T17:26:23.189+05:30 TRACE 12028 --- [learn-spring-boot] [           main] o.s.b.a.condition.OnClassCondition       : Condition OnClassCondition on org.springframework.boot.autoconfigure.jms.activemq.ActiveMQAutoConfiguration did not match due to @ConditionalOnClass did not find required class 'jakarta.jms.ConnectionFactory'
2024-11-07T17:26:23.189+05:30 TRACE 12028 --- [learn-spring-boot] [           main] o.s.b.a.condition.OnClassCondition       : Condition OnClassCondition on org.springframework.boot.autoconfigure.jms.artemis.ArtemisAutoConfiguration did not match due to @ConditionalOnClass did not find required class 'jakarta.jms.ConnectionFactory'
2024-11-07T17:26:23.189+05:30 TRACE 12028 --- [learn-spring-boot] [           main] o.s.b.a.condition.OnClassCondition       : Condition OnClassCondition on org.springframework.boot.autoconfigure.jooq.JooqAutoConfiguration did not match due to @ConditionalOnClass did not find required class 'org.jooq.DSLContext'
2024-11-07T17:26:23.189+05:30 TRACE 12028 --- [learn-spring-boot] [           main] o.s.b.a.condition.OnClassCondition       : Condition OnClassCondition on org.springframework.boot.autoconfigure.jsonb.JsonbAutoConfiguration did not match due to @ConditionalOnClass did not find required class 'jakarta.json.bind.Jsonb'
2024-11-07T17:26:23.189+05:30 TRACE 12028 --- [learn-spring-boot] [           main] o.s.b.a.condition.OnClassCondition       : Condition OnClassCondition on org.springframework.boot.autoconfigure.kafka.KafkaAutoConfiguration did not match due to @ConditionalOnClass did not find required class 'org.springframework.kafka.core.KafkaTemplate'
2024-11-07T17:26:23.189+05:30 TRACE 12028 --- [learn-spring-boot] [           main] o.s.b.a.condition.OnClassCondition       : Condition OnClassCondition on org.springframework.boot.autoconfigure.ldap.embedded.EmbeddedLdapAutoConfiguration did not match due to @ConditionalOnClass did not find required class 'com.unboundid.ldap.listener.InMemoryDirectoryServer'
2024-11-07T17:26:23.189+05:30 TRACE 12028 --- [learn-spring-boot] [           main] o.s.b.a.condition.OnClassCondition       : Condition OnClassCondition on org.springframework.boot.autoconfigure.ldap.LdapAutoConfiguration did not match due to @ConditionalOnClass did not find required class 'org.springframework.ldap.core.ContextSource'
2024-11-07T17:26:23.189+05:30 TRACE 12028 --- [learn-spring-boot] [           main] o.s.b.a.condition.OnClassCondition       : Condition OnClassCondition on org.springframework.boot.autoconfigure.liquibase.LiquibaseAutoConfiguration did not match due to @ConditionalOnClass did not find required class 'liquibase.change.DatabaseChange'
2024-11-07T17:26:23.190+05:30 TRACE 12028 --- [learn-spring-boot] [           main] o.s.b.a.condition.OnClassCondition       : Condition OnClassCondition on org.springframework.boot.autoconfigure.mail.MailSenderAutoConfiguration did not match due to @ConditionalOnClass did not find required class 'jakarta.mail.internet.MimeMessage'
2024-11-07T17:26:23.190+05:30 TRACE 12028 --- [learn-spring-boot] [           main] o.s.b.a.condition.OnClassCondition       : Condition OnClassCondition on org.springframework.boot.autoconfigure.mongo.MongoAutoConfiguration did not match due to @ConditionalOnClass did not find required class 'com.mongodb.client.MongoClient'
2024-11-07T17:26:23.190+05:30 TRACE 12028 --- [learn-spring-boot] [           main] o.s.b.a.condition.OnClassCondition       : Condition OnClassCondition on org.springframework.boot.autoconfigure.mongo.MongoReactiveAutoConfiguration did not match due to @ConditionalOnClass did not find required class 'com.mongodb.reactivestreams.client.MongoClient'
2024-11-07T17:26:23.190+05:30 TRACE 12028 --- [learn-spring-boot] [           main] o.s.b.a.condition.OnClassCondition       : Condition OnClassCondition on org.springframework.boot.autoconfigure.mustache.MustacheAutoConfiguration did not match due to @ConditionalOnClass did not find required class 'com.samskivert.mustache.Mustache'
2024-11-07T17:26:23.190+05:30 TRACE 12028 --- [learn-spring-boot] [           main] o.s.b.a.condition.OnClassCondition       : Condition OnClassCondition on org.springframework.boot.autoconfigure.neo4j.Neo4jAutoConfiguration did not match due to @ConditionalOnClass did not find required class 'org.neo4j.driver.Driver'
2024-11-07T17:26:23.190+05:30 TRACE 12028 --- [learn-spring-boot] [           main] o.s.b.a.condition.OnClassCondition       : Condition OnClassCondition on org.springframework.boot.autoconfigure.netty.NettyAutoConfiguration did not match due to @ConditionalOnClass did not find required class 'io.netty.util.NettyRuntime'
2024-11-07T17:26:23.190+05:30 TRACE 12028 --- [learn-spring-boot] [           main] o.s.b.a.condition.OnClassCondition       : Condition OnClassCondition on org.springframework.boot.autoconfigure.orm.jpa.HibernateJpaAutoConfiguration did not match due to @ConditionalOnClass did not find required class 'jakarta.persistence.EntityManager'
2024-11-07T17:26:23.190+05:30 TRACE 12028 --- [learn-spring-boot] [           main] o.s.b.a.condition.OnClassCondition       : Condition OnClassCondition on org.springframework.boot.autoconfigure.pulsar.PulsarAutoConfiguration did not match due to @ConditionalOnClass did not find required class 'org.apache.pulsar.client.api.PulsarClient'
2024-11-07T17:26:23.190+05:30 TRACE 12028 --- [learn-spring-boot] [           main] o.s.b.a.condition.OnClassCondition       : Condition OnClassCondition on org.springframework.boot.autoconfigure.pulsar.PulsarReactiveAutoConfiguration did not match due to @ConditionalOnClass did not find required class 'org.apache.pulsar.client.api.PulsarClient'
2024-11-07T17:26:23.190+05:30 TRACE 12028 --- [learn-spring-boot] [           main] o.s.b.a.condition.OnClassCondition       : Condition OnClassCondition on org.springframework.boot.autoconfigure.quartz.QuartzAutoConfiguration did not match due to @ConditionalOnClass did not find required class 'org.quartz.Scheduler'
2024-11-07T17:26:23.190+05:30 TRACE 12028 --- [learn-spring-boot] [           main] o.s.b.a.condition.OnClassCondition       : Condition OnClassCondition on org.springframework.boot.autoconfigure.r2dbc.R2dbcAutoConfiguration did not match due to @ConditionalOnClass did not find required class 'io.r2dbc.spi.ConnectionFactory'
2024-11-07T17:26:23.190+05:30 TRACE 12028 --- [learn-spring-boot] [           main] o.s.b.a.condition.OnClassCondition       : Condition OnClassCondition on org.springframework.boot.autoconfigure.r2dbc.R2dbcProxyAutoConfiguration did not match due to @ConditionalOnClass did not find required class 'io.r2dbc.proxy.ProxyConnectionFactory'
2024-11-07T17:26:23.190+05:30 TRACE 12028 --- [learn-spring-boot] [           main] o.s.b.a.condition.OnClassCondition       : Condition OnClassCondition on org.springframework.boot.autoconfigure.r2dbc.R2dbcTransactionManagerAutoConfiguration did not match due to @ConditionalOnClass did not find required class 'org.springframework.r2dbc.connection.R2dbcTransactionManager'
2024-11-07T17:26:23.190+05:30 TRACE 12028 --- [learn-spring-boot] [           main] o.s.b.a.condition.OnClassCondition       : Condition OnClassCondition on org.springframework.boot.autoconfigure.reactor.ReactorAutoConfiguration did not match due to @ConditionalOnClass did not find required class 'reactor.core.publisher.Hooks'
2024-11-07T17:26:23.190+05:30 TRACE 12028 --- [learn-spring-boot] [           main] o.s.b.a.condition.OnClassCondition       : Condition OnClassCondition on org.springframework.boot.autoconfigure.rsocket.RSocketMessagingAutoConfiguration did not match due to @ConditionalOnClass did not find required class 'io.rsocket.RSocket'
2024-11-07T17:26:23.190+05:30 TRACE 12028 --- [learn-spring-boot] [           main] o.s.b.a.condition.OnClassCondition       : Condition OnClassCondition on org.springframework.boot.autoconfigure.rsocket.RSocketRequesterAutoConfiguration did not match due to @ConditionalOnClass did not find required class 'io.rsocket.RSocket'
2024-11-07T17:26:23.190+05:30 TRACE 12028 --- [learn-spring-boot] [           main] o.s.b.a.condition.OnClassCondition       : Condition OnClassCondition on org.springframework.boot.autoconfigure.rsocket.RSocketServerAutoConfiguration did not match due to @ConditionalOnClass did not find required class 'io.rsocket.core.RSocketServer'
2024-11-07T17:26:23.190+05:30 TRACE 12028 --- [learn-spring-boot] [           main] o.s.b.a.condition.OnClassCondition       : Condition OnClassCondition on org.springframework.boot.autoconfigure.rsocket.RSocketStrategiesAutoConfiguration did not match due to @ConditionalOnClass did not find required class 'io.netty.buffer.PooledByteBufAllocator'
2024-11-07T17:26:23.190+05:30 TRACE 12028 --- [learn-spring-boot] [           main] o.s.b.a.condition.OnClassCondition       : Condition OnClassCondition on org.springframework.boot.autoconfigure.security.servlet.SecurityAutoConfiguration did not match due to @ConditionalOnClass did not find required class 'org.springframework.security.authentication.DefaultAuthenticationEventPublisher'
2024-11-07T17:26:23.190+05:30 TRACE 12028 --- [learn-spring-boot] [           main] o.s.b.a.condition.OnClassCondition       : Condition OnClassCondition on org.springframework.boot.autoconfigure.security.servlet.UserDetailsServiceAutoConfiguration did not match due to @ConditionalOnClass did not find required class 'org.springframework.security.authentication.AuthenticationManager'
2024-11-07T17:26:23.190+05:30 TRACE 12028 --- [learn-spring-boot] [           main] o.s.b.a.condition.OnClassCondition       : Condition OnClassCondition on org.springframework.boot.autoconfigure.security.servlet.SecurityFilterAutoConfiguration did not match due to @ConditionalOnClass did not find required class 'org.springframework.security.config.http.SessionCreationPolicy'
2024-11-07T17:26:23.190+05:30 TRACE 12028 --- [learn-spring-boot] [           main] o.s.b.a.condition.OnClassCondition       : Condition OnClassCondition on org.springframework.boot.autoconfigure.security.reactive.ReactiveSecurityAutoConfiguration did not match due to @ConditionalOnClass did not find required class 'reactor.core.publisher.Flux'
2024-11-07T17:26:23.191+05:30 TRACE 12028 --- [learn-spring-boot] [           main] o.s.b.a.condition.OnClassCondition       : Condition OnClassCondition on org.springframework.boot.autoconfigure.security.reactive.ReactiveUserDetailsServiceAutoConfiguration did not match due to @ConditionalOnClass did not find required class 'org.springframework.security.authentication.ReactiveAuthenticationManager'
2024-11-07T17:26:23.191+05:30 TRACE 12028 --- [learn-spring-boot] [           main] o.s.b.a.condition.OnClassCondition       : Condition OnClassCondition on org.springframework.boot.autoconfigure.security.rsocket.RSocketSecurityAutoConfiguration did not match due to @ConditionalOnClass did not find required class 'org.springframework.security.rsocket.core.SecuritySocketAcceptorInterceptor'
2024-11-07T17:26:23.191+05:30 TRACE 12028 --- [learn-spring-boot] [           main] o.s.b.a.condition.OnClassCondition       : Condition OnClassCondition on org.springframework.boot.autoconfigure.security.saml2.Saml2RelyingPartyAutoConfiguration did not match due to @ConditionalOnClass did not find required class 'org.springframework.security.saml2.provider.service.registration.RelyingPartyRegistrationRepository'
2024-11-07T17:26:23.191+05:30 TRACE 12028 --- [learn-spring-boot] [           main] o.s.b.a.condition.OnClassCondition       : Condition OnClassCondition on org.springframework.boot.autoconfigure.sendgrid.SendGridAutoConfiguration did not match due to @ConditionalOnClass did not find required class 'com.sendgrid.SendGrid'
2024-11-07T17:26:23.191+05:30 TRACE 12028 --- [learn-spring-boot] [           main] o.s.b.a.condition.OnClassCondition       : Condition OnClassCondition on org.springframework.boot.autoconfigure.session.SessionAutoConfiguration did not match due to @ConditionalOnClass did not find required class 'org.springframework.session.Session'
2024-11-07T17:26:23.191+05:30 TRACE 12028 --- [learn-spring-boot] [           main] o.s.b.a.condition.OnClassCondition       : Condition OnClassCondition on org.springframework.boot.autoconfigure.security.oauth2.client.servlet.OAuth2ClientAutoConfiguration did not match due to @ConditionalOnClass did not find required class 'org.springframework.security.config.annotation.web.configuration.EnableWebSecurity'
2024-11-07T17:26:23.191+05:30 TRACE 12028 --- [learn-spring-boot] [           main] o.s.b.a.condition.OnClassCondition       : Condition OnClassCondition on org.springframework.boot.autoconfigure.security.oauth2.client.reactive.ReactiveOAuth2ClientAutoConfiguration did not match due to @ConditionalOnClass did not find required class 'reactor.core.publisher.Flux'
2024-11-07T17:26:23.191+05:30 TRACE 12028 --- [learn-spring-boot] [           main] o.s.b.a.condition.OnClassCondition       : Condition OnClassCondition on org.springframework.boot.autoconfigure.security.oauth2.resource.servlet.OAuth2ResourceServerAutoConfiguration did not match due to @ConditionalOnClass did not find required class 'org.springframework.security.oauth2.server.resource.authentication.BearerTokenAuthenticationToken'
2024-11-07T17:26:23.191+05:30 TRACE 12028 --- [learn-spring-boot] [           main] o.s.b.a.condition.OnClassCondition       : Condition OnClassCondition on org.springframework.boot.autoconfigure.security.oauth2.resource.reactive.ReactiveOAuth2ResourceServerAutoConfiguration did not match due to @ConditionalOnClass did not find required class 'org.springframework.security.config.annotation.web.reactive.EnableWebFluxSecurity'
2024-11-07T17:26:23.191+05:30 TRACE 12028 --- [learn-spring-boot] [           main] o.s.b.a.condition.OnClassCondition       : Condition OnClassCondition on org.springframework.boot.autoconfigure.security.oauth2.server.servlet.OAuth2AuthorizationServerAutoConfiguration did not match due to @ConditionalOnClass did not find required class 'org.springframework.security.oauth2.server.authorization.OAuth2Authorization'
2024-11-07T17:26:23.191+05:30 TRACE 12028 --- [learn-spring-boot] [           main] o.s.b.a.condition.OnClassCondition       : Condition OnClassCondition on org.springframework.boot.autoconfigure.security.oauth2.server.servlet.OAuth2AuthorizationServerJwtAutoConfiguration did not match due to @ConditionalOnClass did not find required class 'org.springframework.security.oauth2.server.authorization.OAuth2Authorization'
2024-11-07T17:26:23.191+05:30 TRACE 12028 --- [learn-spring-boot] [           main] o.s.b.a.condition.OnClassCondition       : Condition OnClassCondition on org.springframework.boot.autoconfigure.thymeleaf.ThymeleafAutoConfiguration did not match due to @ConditionalOnClass did not find required class 'org.thymeleaf.spring6.SpringTemplateEngine'
2024-11-07T17:26:23.191+05:30 TRACE 12028 --- [learn-spring-boot] [           main] o.s.b.a.condition.OnClassCondition       : Condition OnClassCondition on org.springframework.boot.autoconfigure.transaction.TransactionAutoConfiguration did not match due to @ConditionalOnClass did not find required class 'org.springframework.transaction.PlatformTransactionManager'
2024-11-07T17:26:23.191+05:30 TRACE 12028 --- [learn-spring-boot] [           main] o.s.b.a.condition.OnClassCondition       : Condition OnClassCondition on org.springframework.boot.autoconfigure.transaction.TransactionManagerCustomizationAutoConfiguration did not match due to @ConditionalOnClass did not find required class 'org.springframework.transaction.PlatformTransactionManager'
2024-11-07T17:26:23.191+05:30 TRACE 12028 --- [learn-spring-boot] [           main] o.s.b.a.condition.OnClassCondition       : Condition OnClassCondition on org.springframework.boot.autoconfigure.transaction.jta.JtaAutoConfiguration did not match due to @ConditionalOnClass did not find required class 'jakarta.transaction.Transaction'
2024-11-07T17:26:23.191+05:30 TRACE 12028 --- [learn-spring-boot] [           main] o.s.b.a.condition.OnClassCondition       : Condition OnClassCondition on org.springframework.boot.autoconfigure.validation.ValidationAutoConfiguration did not match due to @ConditionalOnClass did not find required class 'jakarta.validation.executable.ExecutableValidator'
2024-11-07T17:26:23.191+05:30 TRACE 12028 --- [learn-spring-boot] [           main] o.s.b.a.condition.OnClassCondition       : Condition OnClassCondition on org.springframework.boot.autoconfigure.web.reactive.HttpHandlerAutoConfiguration did not match due to @ConditionalOnClass did not find required class 'org.springframework.web.reactive.DispatcherHandler'
2024-11-07T17:26:23.191+05:30 TRACE 12028 --- [learn-spring-boot] [           main] o.s.b.a.condition.OnClassCondition       : Condition OnClassCondition on org.springframework.boot.autoconfigure.web.reactive.ReactiveMultipartAutoConfiguration did not match due to @ConditionalOnClass did not find required class 'org.springframework.web.reactive.config.WebFluxConfigurer'
2024-11-07T17:26:23.191+05:30 TRACE 12028 --- [learn-spring-boot] [           main] o.s.b.a.condition.OnClassCondition       : Condition OnClassCondition on org.springframework.boot.autoconfigure.web.reactive.WebFluxAutoConfiguration did not match due to @ConditionalOnClass did not find required class 'org.springframework.web.reactive.config.WebFluxConfigurer'
2024-11-07T17:26:23.191+05:30 TRACE 12028 --- [learn-spring-boot] [           main] o.s.b.a.condition.OnClassCondition       : Condition OnClassCondition on org.springframework.boot.autoconfigure.web.reactive.WebSessionIdResolverAutoConfiguration did not match due to @ConditionalOnClass did not find required class 'reactor.core.publisher.Mono'
2024-11-07T17:26:23.191+05:30 TRACE 12028 --- [learn-spring-boot] [           main] o.s.b.a.condition.OnClassCondition       : Condition OnClassCondition on org.springframework.boot.autoconfigure.web.reactive.error.ErrorWebFluxAutoConfiguration did not match due to @ConditionalOnClass did not find required class 'org.springframework.web.reactive.config.WebFluxConfigurer'
2024-11-07T17:26:23.192+05:30 TRACE 12028 --- [learn-spring-boot] [           main] o.s.b.a.condition.OnClassCondition       : Condition OnClassCondition on org.springframework.boot.autoconfigure.web.reactive.function.client.ClientHttpConnectorAutoConfiguration did not match due to @ConditionalOnClass did not find required class 'org.springframework.web.reactive.function.client.WebClient'
2024-11-07T17:26:23.192+05:30 TRACE 12028 --- [learn-spring-boot] [           main] o.s.b.a.condition.OnClassCondition       : Condition OnClassCondition on org.springframework.boot.autoconfigure.web.reactive.function.client.WebClientAutoConfiguration did not match due to @ConditionalOnClass did not find required class 'org.springframework.web.reactive.function.client.WebClient'
2024-11-07T17:26:23.192+05:30 TRACE 12028 --- [learn-spring-boot] [           main] o.s.b.a.condition.OnClassCondition       : Condition OnClassCondition on org.springframework.boot.autoconfigure.websocket.servlet.WebSocketMessagingAutoConfiguration did not match due to @ConditionalOnClass did not find required class 'org.springframework.web.socket.config.annotation.WebSocketMessageBrokerConfigurer'
2024-11-07T17:26:23.192+05:30 TRACE 12028 --- [learn-spring-boot] [           main] o.s.b.a.condition.OnClassCondition       : Condition OnClassCondition on org.springframework.boot.autoconfigure.webservices.WebServicesAutoConfiguration did not match due to @ConditionalOnClass did not find required class 'org.springframework.ws.transport.http.MessageDispatcherServlet'
2024-11-07T17:26:23.192+05:30 TRACE 12028 --- [learn-spring-boot] [           main] o.s.b.a.condition.OnClassCondition       : Condition OnClassCondition on org.springframework.boot.autoconfigure.webservices.client.WebServiceTemplateAutoConfiguration did not match due to @ConditionalOnClass did not find required class 'org.springframework.oxm.Marshaller'
[...]
2024-11-07T17:26:25.415+05:30 TRACE 12028 --- [learn-spring-boot] [           main] o.s.b.f.s.DefaultListableBeanFactory     : Returning cached instance of singleton bean 'spring.jackson-org.springframework.boot.autoconfigure.jackson.JacksonProperties'
2024-11-07T17:26:25.415+05:30 TRACE 12028 --- [learn-spring-boot] [           main] o.s.b.f.s.DefaultListableBeanFactory     : Returning cached instance of singleton bean 'org.springframework.boot.autoconfigure.jackson.JacksonAutoConfiguration$JacksonObjectMapperBuilderConfiguration'
2024-11-07T17:26:25.415+05:30 TRACE 12028 --- [learn-spring-boot] [           main] o.s.b.f.s.DefaultListableBeanFactory     : Returning cached instance of singleton bean 'org.springframework.boot.autoconfigure.jackson.JacksonAutoConfiguration$ParameterNamesModuleConfiguration'
2024-11-07T17:26:25.415+05:30 TRACE 12028 --- [learn-spring-boot] [           main] o.s.b.f.s.DefaultListableBeanFactory     : Returning cached instance of singleton bean 'parameterNamesModule'
2024-11-07T17:26:25.415+05:30 TRACE 12028 --- [learn-spring-boot] [           main] o.s.b.f.s.DefaultListableBeanFactory     : Returning cached instance of singleton bean 'org.springframework.boot.autoconfigure.jackson.JacksonAutoConfiguration$JacksonObjectMapperConfiguration'
2024-11-07T17:26:25.415+05:30 TRACE 12028 --- [learn-spring-boot] [           main] o.s.b.f.s.DefaultListableBeanFactory     : Returning cached instance of singleton bean 'jacksonObjectMapper'
2024-11-07T17:26:25.415+05:30 TRACE 12028 --- [learn-spring-boot] [           main] o.s.b.f.s.DefaultListableBeanFactory     : Returning cached instance of singleton bean 'org.springframework.boot.autoconfigure.jackson.JacksonAutoConfiguration$JacksonMixinConfiguration'
2024-11-07T17:26:25.415+05:30 TRACE 12028 --- [learn-spring-boot] [           main] o.s.b.f.s.DefaultListableBeanFactory     : Returning cached instance of singleton bean 'jsonMixinModuleEntries'
2024-11-07T17:26:25.415+05:30 TRACE 12028 --- [learn-spring-boot] [           main] o.s.b.f.s.DefaultListableBeanFactory     : Returning cached instance of singleton bean 'jsonMixinModule'
2024-11-07T17:26:25.415+05:30 TRACE 12028 --- [learn-spring-boot] [           main] o.s.b.f.s.DefaultListableBeanFactory     : Returning cached instance of singleton bean 'org.springframework.boot.autoconfigure.jackson.JacksonAutoConfiguration'
2024-11-07T17:26:25.415+05:30 TRACE 12028 --- [learn-spring-boot] [           main] o.s.b.f.s.DefaultListableBeanFactory     : Returning cached instance of singleton bean 'jsonComponentModule'
2024-11-07T17:26:25.415+05:30 TRACE 12028 --- [learn-spring-boot] [           main] o.s.b.f.s.DefaultListableBeanFactory     : Returning cached instance of singleton bean 'org.springframework.boot.autoconfigure.context.ConfigurationPropertiesAutoConfiguration'
2024-11-07T17:26:25.415+05:30 TRACE 12028 --- [learn-spring-boot] [           main] o.s.b.f.s.DefaultListableBeanFactory     : Returning cached instance of singleton bean 'org.springframework.boot.autoconfigure.context.LifecycleAutoConfiguration'
2024-11-07T17:26:25.415+05:30 TRACE 12028 --- [learn-spring-boot] [           main] o.s.b.f.s.DefaultListableBeanFactory     : Returning cached instance of singleton bean 'lifecycleProcessor'
2024-11-07T17:26:25.415+05:30 TRACE 12028 --- [learn-spring-boot] [           main] o.s.b.f.s.DefaultListableBeanFactory     : Returning cached instance of singleton bean 'spring.lifecycle-org.springframework.boot.autoconfigure.context.LifecycleProperties'
2024-11-07T17:26:25.415+05:30 TRACE 12028 --- [learn-spring-boot] [           main] o.s.b.f.s.DefaultListableBeanFactory     : Returning cached instance of singleton bean 'org.springframework.boot.autoconfigure.http.HttpMessageConvertersAutoConfiguration$StringHttpMessageConverterConfiguration'
2024-11-07T17:26:25.415+05:30 TRACE 12028 --- [learn-spring-boot] [           main] o.s.b.f.s.DefaultListableBeanFactory     : Returning cached instance of singleton bean 'stringHttpMessageConverter'
2024-11-07T17:26:25.415+05:30 TRACE 12028 --- [learn-spring-boot] [           main] o.s.b.f.s.DefaultListableBeanFactory     : Returning cached instance of singleton bean 'org.springframework.boot.autoconfigure.http.JacksonHttpMessageConvertersConfiguration$MappingJackson2HttpMessageConverterConfiguration'
2024-11-07T17:26:25.415+05:30 TRACE 12028 --- [learn-spring-boot] [           main] o.s.b.f.s.DefaultListableBeanFactory     : Returning cached instance of singleton bean 'mappingJackson2HttpMessageConverter'
2024-11-07T17:26:25.415+05:30 TRACE 12028 --- [learn-spring-boot] [           main] o.s.b.f.s.DefaultListableBeanFactory     : Returning cached instance of singleton bean 'org.springframework.boot.autoconfigure.http.JacksonHttpMessageConvertersConfiguration'
2024-11-07T17:26:25.415+05:30 TRACE 12028 --- [learn-spring-boot] [           main] o.s.b.f.s.DefaultListableBeanFactory     : Returning cached instance of singleton bean 'org.springframework.boot.autoconfigure.http.HttpMessageConvertersAutoConfiguration'
2024-11-07T17:26:25.415+05:30 TRACE 12028 --- [learn-spring-boot] [           main] o.s.b.f.s.DefaultListableBeanFactory     : Returning cached instance of singleton bean 'messageConverters'
2024-11-07T17:26:25.415+05:30 TRACE 12028 --- [learn-spring-boot] [           main] o.s.b.f.s.DefaultListableBeanFactory     : Returning cached instance of singleton bean 'org.springframework.boot.autoconfigure.http.client.HttpClientAutoConfiguration'
2024-11-07T17:26:25.415+05:30 TRACE 12028 --- [learn-spring-boot] [           main] o.s.b.f.s.DefaultListableBeanFactory     : Returning cached instance of singleton bean 'clientHttpRequestFactoryBuilder'
2024-11-07T17:26:25.415+05:30 TRACE 12028 --- [learn-spring-boot] [           main] o.s.b.f.s.DefaultListableBeanFactory     : Returning cached instance of singleton bean 'clientHttpRequestFactorySettings'
2024-11-07T17:26:25.415+05:30 TRACE 12028 --- [learn-spring-boot] [           main] o.s.b.f.s.DefaultListableBeanFactory     : Returning cached instance of singleton bean 'spring.http.client-org.springframework.boot.autoconfigure.http.client.HttpClientProperties'
2024-11-07T17:26:25.415+05:30 TRACE 12028 --- [learn-spring-boot] [           main] o.s.b.f.s.DefaultListableBeanFactory     : Returning cached instance of singleton bean 'org.springframework.boot.autoconfigure.info.ProjectInfoAutoConfiguration'
2024-11-07T17:26:25.415+05:30 TRACE 12028 --- [learn-spring-boot] [           main] o.s.b.f.s.DefaultListableBeanFactory     : Returning cached instance of singleton bean 'spring.info-org.springframework.boot.autoconfigure.info.ProjectInfoProperties'
2024-11-07T17:26:25.415+05:30 TRACE 12028 --- [learn-spring-boot] [           main] o.s.b.f.s.DefaultListableBeanFactory     : Returning cached instance of singleton bean 'org.springframework.boot.autoconfigure.sql.init.SqlInitializationAutoConfiguration'
2024-11-07T17:26:25.415+05:30 TRACE 12028 --- [learn-spring-boot] [           main] o.s.b.f.s.DefaultListableBeanFactory     : Returning cached instance of singleton bean 'spring.sql.init-org.springframework.boot.autoconfigure.sql.init.SqlInitializationProperties'
2024-11-07T17:26:25.415+05:30 TRACE 12028 --- [learn-spring-boot] [           main] o.s.b.f.s.DefaultListableBeanFactory     : Returning cached instance of singleton bean 'org.springframework.boot.sql.init.dependency.DatabaseInitializationDependencyConfigurer$DependsOnDatabaseInitializationPostProcessor'
2024-11-07T17:26:25.415+05:30 TRACE 12028 --- [learn-spring-boot] [           main] o.s.b.f.s.DefaultListableBeanFactory     : Returning cached instance of singleton bean 'org.springframework.boot.autoconfigure.task.TaskSchedulingConfigurations$ThreadPoolTaskSchedulerBuilderConfiguration'
2024-11-07T17:26:25.415+05:30 TRACE 12028 --- [learn-spring-boot] [           main] o.s.b.f.s.DefaultListableBeanFactory     : Returning cached instance of singleton bean 'threadPoolTaskSchedulerBuilder'
2024-11-07T17:26:25.415+05:30 TRACE 12028 --- [learn-spring-boot] [           main] o.s.b.f.s.DefaultListableBeanFactory     : Returning cached instance of singleton bean 'org.springframework.boot.autoconfigure.task.TaskSchedulingConfigurations$SimpleAsyncTaskSchedulerBuilderConfiguration'
2024-11-07T17:26:25.415+05:30 TRACE 12028 --- [learn-spring-boot] [           main] o.s.b.f.s.DefaultListableBeanFactory     : Returning cached instance of singleton bean 'simpleAsyncTaskSchedulerBuilder'
2024-11-07T17:26:25.415+05:30 TRACE 12028 --- [learn-spring-boot] [           main] o.s.b.f.s.DefaultListableBeanFactory     : Returning cached instance of singleton bean 'org.springframework.boot.autoconfigure.task.TaskSchedulingAutoConfiguration'
2024-11-07T17:26:25.415+05:30 TRACE 12028 --- [learn-spring-boot] [           main] o.s.b.f.s.DefaultListableBeanFactory     : Returning cached instance of singleton bean 'spring.task.scheduling-org.springframework.boot.autoconfigure.task.TaskSchedulingProperties'
2024-11-07T17:26:25.415+05:30 TRACE 12028 --- [learn-spring-boot] [           main] o.s.b.f.s.DefaultListableBeanFactory     : Returning cached instance of singleton bean 'org.springframework.boot.autoconfigure.web.client.RestClientAutoConfiguration'
2024-11-07T17:26:25.415+05:30 TRACE 12028 --- [learn-spring-boot] [           main] o.s.b.f.s.DefaultListableBeanFactory     : Returning cached instance of singleton bean 'httpMessageConvertersRestClientCustomizer'
2024-11-07T17:26:25.415+05:30 TRACE 12028 --- [learn-spring-boot] [           main] o.s.b.f.s.DefaultListableBeanFactory     : Returning cached instance of singleton bean 'restClientSsl'
2024-11-07T17:26:25.415+05:30 TRACE 12028 --- [learn-spring-boot] [           main] o.s.b.f.s.DefaultListableBeanFactory     : Returning cached instance of singleton bean 'restClientBuilderConfigurer'
2024-11-07T17:26:25.416+05:30 TRACE 12028 --- [learn-spring-boot] [           main] o.s.b.f.s.DefaultListableBeanFactory     : Returning cached instance of singleton bean 'org.springframework.boot.autoconfigure.web.client.RestTemplateAutoConfiguration'
2024-11-07T17:26:25.416+05:30 TRACE 12028 --- [learn-spring-boot] [           main] o.s.b.f.s.DefaultListableBeanFactory     : Returning cached instance of singleton bean 'org.springframework.boot.autoconfigure.web.servlet.HttpEncodingAutoConfiguration'
2024-11-07T17:26:25.416+05:30 TRACE 12028 --- [learn-spring-boot] [           main] o.s.b.f.s.DefaultListableBeanFactory     : Returning cached instance of singleton bean 'characterEncodingFilter'
2024-11-07T17:26:25.416+05:30 TRACE 12028 --- [learn-spring-boot] [           main] o.s.b.f.s.DefaultListableBeanFactory     : Returning cached instance of singleton bean 'localeCharsetMappingsCustomizer'
2024-11-07T17:26:25.416+05:30 TRACE 12028 --- [learn-spring-boot] [           main] o.s.b.f.s.DefaultListableBeanFactory     : Returning cached instance of singleton bean 'org.springframework.boot.autoconfigure.web.servlet.MultipartAutoConfiguration'
2024-11-07T17:26:25.416+05:30 TRACE 12028 --- [learn-spring-boot] [           main] o.s.b.f.s.DefaultListableBeanFactory     : Returning cached instance of singleton bean 'multipartConfigElement'
2024-11-07T17:26:25.416+05:30 TRACE 12028 --- [learn-spring-boot] [           main] o.s.b.f.s.DefaultListableBeanFactory     : Returning cached instance of singleton bean 'multipartResolver'
2024-11-07T17:26:25.416+05:30 TRACE 12028 --- [learn-spring-boot] [           main] o.s.b.f.s.DefaultListableBeanFactory     : Returning cached instance of singleton bean 'spring.servlet.multipart-org.springframework.boot.autoconfigure.web.servlet.MultipartProperties'
2024-11-07T17:26:25.416+05:30 TRACE 12028 --- [learn-spring-boot] [           main] o.s.b.f.s.DefaultListableBeanFactory     : Returning cached instance of singleton bean 'org.springframework.aop.config.internalAutoProxyCreator'
2024-11-07T17:26:25.416+05:30 TRACE 12028 --- [learn-spring-boot] [           main] o.s.b.f.s.DefaultListableBeanFactory     : Returning cached instance of singleton bean 'org.springframework.boot.test.mock.mockito.MockitoBeans'
2024-11-07T17:26:25.417+05:30 TRACE 12028 --- [learn-spring-boot] [           main] c.DefaultCacheAwareContextLoaderDelegate : Retrieved ApplicationContext [485475507] from cache with key [WebMergedContextConfiguration@1682c08c testClass = com.springboot.learn_spring_boot.LearnSpringBootApplicationTests, locations = [], classes = [com.springboot.learn_spring_boot.LearnSpringBootApplication], contextInitializerClasses = [], activeProfiles = [], propertySourceDescriptors = [], propertySourceProperties = ["org.springframework.boot.test.context.SpringBootTestContextBootstrapper=true"], contextCustomizers = [org.springframework.boot.test.context.filter.ExcludeFilterContextCustomizer@6e2829c7, org.springframework.boot.test.json.DuplicateJsonObjectContextCustomizerFactory$DuplicateJsonObjectContextCustomizer@55de24cc, org.springframework.boot.test.mock.mockito.MockitoContextCustomizer@0, org.springframework.boot.test.web.client.TestRestTemplateContextCustomizer@821330f, org.springframework.boot.test.web.reactor.netty.DisableReactorResourceFactoryGlobalResourcesContextCustomizerFactory$DisableReactorResourceFactoryGlobalResourcesContextCustomizerCustomizer@5c86a017, org.springframework.boot.test.autoconfigure.OnFailureConditionReportContextCustomizerFactory$OnFailureConditionReportContextCustomizer@71687585, org.springframework.boot.test.autoconfigure.actuate.observability.ObservabilityContextCustomizerFactory$DisableObservabilityContextCustomizer@1f, org.springframework.boot.test.autoconfigure.properties.PropertyMappingContextCustomizer@0, org.springframework.boot.test.autoconfigure.web.servlet.WebDriverContextCustomizer@45385f75, org.springframework.test.context.support.DynamicPropertiesContextCustomizer@0, org.springframework.boot.test.context.SpringBootTestAnnotation@b80cf886], resourceBasePath = "src/main/webapp", contextLoader = org.springframework.boot.test.context.SpringBootContextLoader, parent = null]
2024-11-07T17:26:25.417+05:30 DEBUG 12028 --- [learn-spring-boot] [           main] org.springframework.test.context.cache   : Spring test ApplicationContext cache statistics: [DefaultContextCache@3fd05b3e size = 1, maxSize = 32, parentContextCount = 0, hitCount = 11, missCount = 1, failureCount = 0]
2024-11-07T17:26:25.418+05:30 TRACE 12028 --- [learn-spring-boot] [           main] .c.s.DirtiesContextTestExecutionListener : After test method: context [DefaultTestContext@4a481728 testClass = com.springboot.learn_spring_boot.LearnSpringBootApplicationTests, testInstance = com.springboot.learn_spring_boot.LearnSpringBootApplicationTests@4ace284d, testMethod = contextLoads(), testException = null, mergedContextConfiguration = [WebMergedContextConfiguration@1682c08c testClass = com.springboot.learn_spring_boot.LearnSpringBootApplicationTests, locations = [], classes = [com.springboot.learn_spring_boot.LearnSpringBootApplication], contextInitializerClasses = [], activeProfiles = [], propertySourceDescriptors = [], propertySourceProperties = ["org.springframework.boot.test.context.SpringBootTestContextBootstrapper=true"], contextCustomizers = [org.springframework.boot.test.context.filter.ExcludeFilterContextCustomizer@6e2829c7, org.springframework.boot.test.json.DuplicateJsonObjectContextCustomizerFactory$DuplicateJsonObjectContextCustomizer@55de24cc, org.springframework.boot.test.mock.mockito.MockitoContextCustomizer@0, org.springframework.boot.test.web.client.TestRestTemplateContextCustomizer@821330f, org.springframework.boot.test.web.reactor.netty.DisableReactorResourceFactoryGlobalResourcesContextCustomizerFactory$DisableReactorResourceFactoryGlobalResourcesContextCustomizerCustomizer@5c86a017, org.springframework.boot.test.autoconfigure.OnFailureConditionReportContextCustomizerFactory$OnFailureConditionReportContextCustomizer@71687585, org.springframework.boot.test.autoconfigure.actuate.observability.ObservabilityContextCustomizerFactory$DisableObservabilityContextCustomizer@1f, org.springframework.boot.test.autoconfigure.properties.PropertyMappingContextCustomizer@0, org.springframework.boot.test.autoconfigure.web.servlet.WebDriverContextCustomizer@45385f75, org.springframework.test.context.support.DynamicPropertiesContextCustomizer@0, org.springframework.boot.test.context.SpringBootTestAnnotation@b80cf886], resourceBasePath = "src/main/webapp", contextLoader = org.springframework.boot.test.context.SpringBootContextLoader, parent = null], attributes = {"org.springframework.test.context.web.ServletTestExecutionListener.activateListener" -> true, "org.springframework.test.context.web.ServletTestExecutionListener.populatedRequestContextHolder" -> true, "org.springframework.test.context.web.ServletTestExecutionListener.resetRequestContextHolder" -> true, "org.springframework.test.context.event.ApplicationEventsTestExecutionListener.recordApplicationEvents" -> false}], class annotated with @DirtiesContext [false] with mode [null], method annotated with @DirtiesContext [false] with mode [null]
2024-11-07T17:26:25.418+05:30 TRACE 12028 --- [learn-spring-boot] [           main] o.s.t.c.w.ServletTestExecutionListener   : Resetting RequestContextHolder for test context [DefaultTestContext@4a481728 testClass = com.springboot.learn_spring_boot.LearnSpringBootApplicationTests, testInstance = com.springboot.learn_spring_boot.LearnSpringBootApplicationTests@4ace284d, testMethod = contextLoads(), testException = null, mergedContextConfiguration = [WebMergedContextConfiguration@1682c08c testClass = com.springboot.learn_spring_boot.LearnSpringBootApplicationTests, locations = [], classes = [com.springboot.learn_spring_boot.LearnSpringBootApplication], contextInitializerClasses = [], activeProfiles = [], propertySourceDescriptors = [], propertySourceProperties = ["org.springframework.boot.test.context.SpringBootTestContextBootstrapper=true"], contextCustomizers = [org.springframework.boot.test.context.filter.ExcludeFilterContextCustomizer@6e2829c7, org.springframework.boot.test.json.DuplicateJsonObjectContextCustomizerFactory$DuplicateJsonObjectContextCustomizer@55de24cc, org.springframework.boot.test.mock.mockito.MockitoContextCustomizer@0, org.springframework.boot.test.web.client.TestRestTemplateContextCustomizer@821330f, org.springframework.boot.test.web.reactor.netty.DisableReactorResourceFactoryGlobalResourcesContextCustomizerFactory$DisableReactorResourceFactoryGlobalResourcesContextCustomizerCustomizer@5c86a017, org.springframework.boot.test.autoconfigure.OnFailureConditionReportContextCustomizerFactory$OnFailureConditionReportContextCustomizer@71687585, org.springframework.boot.test.autoconfigure.actuate.observability.ObservabilityContextCustomizerFactory$DisableObservabilityContextCustomizer@1f, org.springframework.boot.test.autoconfigure.properties.PropertyMappingContextCustomizer@0, org.springframework.boot.test.autoconfigure.web.servlet.WebDriverContextCustomizer@45385f75, org.springframework.test.context.support.DynamicPropertiesContextCustomizer@0, org.springframework.boot.test.context.SpringBootTestAnnotation@b80cf886], resourceBasePath = "src/main/webapp", contextLoader = org.springframework.boot.test.context.SpringBootContextLoader, parent = null], attributes = {"org.springframework.test.context.web.ServletTestExecutionListener.activateListener" -> true, "org.springframework.test.context.web.ServletTestExecutionListener.populatedRequestContextHolder" -> true, "org.springframework.test.context.web.ServletTestExecutionListener.resetRequestContextHolder" -> true, "org.springframework.test.context.event.ApplicationEventsTestExecutionListener.recordApplicationEvents" -> false}]
]]></system-out>
  </testcase>
</testsuite>